
===== SITL start 2026-07-06T22:39:41.103056+00:00 =====
/home/user/ai-folder/ardupilot/build/sitl/bin/arducopter --model quad --home=37.5665,126.9780,20,0 --defaults /home/user/ai-folder/contest-DAH/DAH2026_GhostPilot/DAH2026_GhostPilot/results/b_path/20260706T223941_086117Z_E9_auto_waypoint_reach/sitl_defaults.parm
Suggested EK3_DRAG_BCOEF_* = 17.209, EK3_DRAG_MCOEF = 0.209
Home: 37.566500 126.978000 alt=20.000000m hdg=0.000000
Starting sketch 'ArduCopter'
Starting SITL input
Using Irlock at port : 9005
Using \clock topic for DDS timing: disabled
bind port 5760 for SERIAL0
SERIAL0 on TCP port 5760
Waiting for connection ....
Connection on serial port 5760
Loaded defaults from @ROMFS/default_params/copter.parm,/home/user/ai-folder/contest-DAH/DAH2026_GhostPilot/DAH2026_GhostPilot/results/b_path/20260706T223941_086117Z_E9_auto_waypoint_reach/sitl_defaults.parm
bind port 5762 for SERIAL1
SERIAL1 on TCP port 5762
bind port 5763 for SERIAL2
SERIAL2 on TCP port 5763
Loaded defaults from @ROMFS/default_params/copter.parm,/home/user/ai-folder/contest-DAH/DAH2026_GhostPilot/DAH2026_GhostPilot/results/b_path/20260706T223941_086117Z_E9_auto_waypoint_reach/sitl_defaults.parm
Smoothing reset at 0.001
Closed connection on SERIAL0
New connection on SERIAL0
validate_structures:538: Validating structures
Waiting for internal clock bits to be set (current=0x00)
Loaded defaults from @ROMFS/default_params/copter.parm,/home/user/ai-folder/contest-DAH/DAH2026_GhostPilot/DAH2026_GhostPilot/results/b_path/20260706T223941_086117Z_E9_auto_waypoint_reach/sitl_defaults.parm
Loaded defaults from @ROMFS/default_params/copter.parm,/home/user/ai-folder/contest-DAH/DAH2026_GhostPilot/DAH2026_GhostPilot/results/b_path/20260706T223941_086117Z_E9_auto_waypoint_reach/sitl_defaults.parm
Loaded defaults from @ROMFS/default_params/copter.parm,/home/user/ai-folder/contest-DAH/DAH2026_GhostPilot/DAH2026_GhostPilot/results/b_path/20260706T223941_086117Z_E9_auto_waypoint_reach/sitl_defaults.parm
Loaded defaults from @ROMFS/default_params/copter.parm,/home/user/ai-folder/contest-DAH/DAH2026_GhostPilot/DAH2026_GhostPilot/results/b_path/20260706T223941_086117Z_E9_auto_waypoint_reach/sitl_defaults.parm
Loaded defaults from @ROMFS/default_params/copter.parm,/home/user/ai-folder/contest-DAH/DAH2026_GhostPilot/DAH2026_GhostPilot/results/b_path/20260706T223941_086117Z_E9_auto_waypoint_reach/sitl_defaults.parm
Loaded defaults from @ROMFS/default_params/copter.parm,/home/user/ai-folder/contest-DAH/DAH2026_GhostPilot/DAH2026_GhostPilot/results/b_path/20260706T223941_086117Z_E9_auto_waypoint_reach/sitl_defaults.parm
Loaded defaults from @ROMFS/default_params/copter.parm,/home/user/ai-folder/contest-DAH/DAH2026_GhostPilot/DAH2026_GhostPilot/results/b_path/20260706T223941_086117Z_E9_auto_waypoint_reach/sitl_defaults.parm
Loaded defaults from @ROMFS/default_params/copter.parm,/home/user/ai-folder/contest-DAH/DAH2026_GhostPilot/DAH2026_GhostPilot/results/b_path/20260706T223941_086117Z_E9_auto_waypoint_reach/sitl_defaults.parm
Loaded defaults from @ROMFS/default_params/copter.parm,/home/user/ai-folder/contest-DAH/DAH2026_GhostPilot/DAH2026_GhostPilot/results/b_path/20260706T223941_086117Z_E9_auto_waypoint_reach/sitl_defaults.parm
Loaded defaults from @ROMFS/default_params/copter.parm,/home/user/ai-folder/contest-DAH/DAH2026_GhostPilot/DAH2026_GhostPilot/results/b_path/20260706T223941_086117Z_E9_auto_waypoint_reach/sitl_defaults.parm
Loaded defaults from @ROMFS/default_params/copter.parm,/home/user/ai-folder/contest-DAH/DAH2026_GhostPilot/DAH2026_GhostPilot/results/b_path/20260706T223941_086117Z_E9_auto_waypoint_reach/sitl_defaults.parm
Loaded defaults from @ROMFS/default_params/copter.parm,/home/user/ai-folder/contest-DAH/DAH2026_GhostPilot/DAH2026_GhostPilot/results/b_path/20260706T223941_086117Z_E9_auto_waypoint_reach/sitl_defaults.parm
Loaded defaults from @ROMFS/default_params/copter.parm,/home/user/ai-folder/contest-DAH/DAH2026_GhostPilot/DAH2026_GhostPilot/results/b_path/20260706T223941_086117Z_E9_auto_waypoint_reach/sitl_defaults.parm
Loaded defaults from @ROMFS/default_params/copter.parm,/home/user/ai-folder/contest-DAH/DAH2026_GhostPilot/DAH2026_GhostPilot/results/b_path/20260706T223941_086117Z_E9_auto_waypoint_reach/sitl_defaults.parm
Loaded defaults from @ROMFS/default_params/copter.parm,/home/user/ai-folder/contest-DAH/DAH2026_GhostPilot/DAH2026_GhostPilot/results/b_path/20260706T223941_086117Z_E9_auto_waypoint_reach/sitl_defaults.parm
Loaded defaults from @ROMFS/default_params/copter.parm,/home/user/ai-folder/contest-DAH/DAH2026_GhostPilot/DAH2026_GhostPilot/results/b_path/20260706T223941_086117Z_E9_auto_waypoint_reach/sitl_defaults.parm
Loaded defaults from @ROMFS/default_params/copter.parm,/home/user/ai-folder/contest-DAH/DAH2026_GhostPilot/DAH2026_GhostPilot/results/b_path/20260706T223941_086117Z_E9_auto_waypoint_reach/sitl_defaults.parm
Loaded defaults from @ROMFS/default_params/copter.parm,/home/user/ai-folder/contest-DAH/DAH2026_GhostPilot/DAH2026_GhostPilot/results/b_path/20260706T223941_086117Z_E9_auto_waypoint_reach/sitl_defaults.parm
Loaded defaults from @ROMFS/default_params/copter.parm,/home/user/ai-folder/contest-DAH/DAH2026_GhostPilot/DAH2026_GhostPilot/results/b_path/20260706T223941_086117Z_E9_auto_waypoint_reach/sitl_defaults.parm
Loaded defaults from @ROMFS/default_params/copter.parm,/home/user/ai-folder/contest-DAH/DAH2026_GhostPilot/DAH2026_GhostPilot/results/b_path/20260706T223941_086117Z_E9_auto_waypoint_reach/sitl_defaults.parm
Loaded defaults from @ROMFS/default_params/copter.parm,/home/user/ai-folder/contest-DAH/DAH2026_GhostPilot/DAH2026_GhostPilot/results/b_path/20260706T223941_086117Z_E9_auto_waypoint_reach/sitl_defaults.parm
Loaded defaults from @ROMFS/default_params/copter.parm,/home/user/ai-folder/contest-DAH/DAH2026_GhostPilot/DAH2026_GhostPilot/results/b_path/20260706T223941_086117Z_E9_auto_waypoint_reach/sitl_defaults.parm
Closed connection on SERIAL0
Exitting

===== SITL start 2026-07-06T22:40:28.244887+00:00 =====
/home/user/ai-folder/ardupilot/build/sitl/bin/arducopter --model quad --home=37.5665,126.9780,20,0 --defaults /home/user/ai-folder/contest-DAH/DAH2026_GhostPilot/DAH2026_GhostPilot/results/b_path/20260706T223941_086117Z_E9_auto_waypoint_reach/sitl_defaults.parm
Suggested EK3_DRAG_BCOEF_* = 17.209, EK3_DRAG_MCOEF = 0.209
Home: 37.566500 126.978000 alt=20.000000m hdg=0.000000
Starting sketch 'ArduCopter'
Starting SITL input
Using Irlock at port : 9005
Using \clock topic for DDS timing: disabled
bind port 5760 for SERIAL0
SERIAL0 on TCP port 5760
Waiting for connection ....
Connection on serial port 5760
Loaded defaults from @ROMFS/default_params/copter.parm,/home/user/ai-folder/contest-DAH/DAH2026_GhostPilot/DAH2026_GhostPilot/results/b_path/20260706T223941_086117Z_E9_auto_waypoint_reach/sitl_defaults.parm
bind port 5762 for SERIAL1
SERIAL1 on TCP port 5762
bind port 5763 for SERIAL2
SERIAL2 on TCP port 5763
Loaded defaults from @ROMFS/default_params/copter.parm,/home/user/ai-folder/contest-DAH/DAH2026_GhostPilot/DAH2026_GhostPilot/results/b_path/20260706T223941_086117Z_E9_auto_waypoint_reach/sitl_defaults.parm
Smoothing reset at 0.001
Closed connection on SERIAL0
New connection on SERIAL0
validate_structures:538: Validating structures
Waiting for internal clock bits to be set (current=0x00)
Loaded defaults from @ROMFS/default_params/copter.parm,/home/user/ai-folder/contest-DAH/DAH2026_GhostPilot/DAH2026_GhostPilot/results/b_path/20260706T223941_086117Z_E9_auto_waypoint_reach/sitl_defaults.parm
Loaded defaults from @ROMFS/default_params/copter.parm,/home/user/ai-folder/contest-DAH/DAH2026_GhostPilot/DAH2026_GhostPilot/results/b_path/20260706T223941_086117Z_E9_auto_waypoint_reach/sitl_defaults.parm
Loaded defaults from @ROMFS/default_params/copter.parm,/home/user/ai-folder/contest-DAH/DAH2026_GhostPilot/DAH2026_GhostPilot/results/b_path/20260706T223941_086117Z_E9_auto_waypoint_reach/sitl_defaults.parm
Loaded defaults from @ROMFS/default_params/copter.parm,/home/user/ai-folder/contest-DAH/DAH2026_GhostPilot/DAH2026_GhostPilot/results/b_path/20260706T223941_086117Z_E9_auto_waypoint_reach/sitl_defaults.parm
Loaded defaults from @ROMFS/default_params/copter.parm,/home/user/ai-folder/contest-DAH/DAH2026_GhostPilot/DAH2026_GhostPilot/results/b_path/20260706T223941_086117Z_E9_auto_waypoint_reach/sitl_defaults.parm
Loaded defaults from @ROMFS/default_params/copter.parm,/home/user/ai-folder/contest-DAH/DAH2026_GhostPilot/DAH2026_GhostPilot/results/b_path/20260706T223941_086117Z_E9_auto_waypoint_reach/sitl_defaults.parm
Loaded defaults from @ROMFS/default_params/copter.parm,/home/user/ai-folder/contest-DAH/DAH2026_GhostPilot/DAH2026_GhostPilot/results/b_path/20260706T223941_086117Z_E9_auto_waypoint_reach/sitl_defaults.parm
Loaded defaults from @ROMFS/default_params/copter.parm,/home/user/ai-folder/contest-DAH/DAH2026_GhostPilot/DAH2026_GhostPilot/results/b_path/20260706T223941_086117Z_E9_auto_waypoint_reach/sitl_defaults.parm
Loaded defaults from @ROMFS/default_params/copter.parm,/home/user/ai-folder/contest-DAH/DAH2026_GhostPilot/DAH2026_GhostPilot/results/b_path/20260706T223941_086117Z_E9_auto_waypoint_reach/sitl_defaults.parm
Loaded defaults from @ROMFS/default_params/copter.parm,/home/user/ai-folder/contest-DAH/DAH2026_GhostPilot/DAH2026_GhostPilot/results/b_path/20260706T223941_086117Z_E9_auto_waypoint_reach/sitl_defaults.parm
Loaded defaults from @ROMFS/default_params/copter.parm,/home/user/ai-folder/contest-DAH/DAH2026_GhostPilot/DAH2026_GhostPilot/results/b_path/20260706T223941_086117Z_E9_auto_waypoint_reach/sitl_defaults.parm
Loaded defaults from @ROMFS/default_params/copter.parm,/home/user/ai-folder/contest-DAH/DAH2026_GhostPilot/DAH2026_GhostPilot/results/b_path/20260706T223941_086117Z_E9_auto_waypoint_reach/sitl_defaults.parm
Loaded defaults from @ROMFS/default_params/copter.parm,/home/user/ai-folder/contest-DAH/DAH2026_GhostPilot/DAH2026_GhostPilot/results/b_path/20260706T223941_086117Z_E9_auto_waypoint_reach/sitl_defaults.parm
Loaded defaults from @ROMFS/default_params/copter.parm,/home/user/ai-folder/contest-DAH/DAH2026_GhostPilot/DAH2026_GhostPilot/results/b_path/20260706T223941_086117Z_E9_auto_waypoint_reach/sitl_defaults.parm
Loaded defaults from @ROMFS/default_params/copter.parm,/home/user/ai-folder/contest-DAH/DAH2026_GhostPilot/DAH2026_GhostPilot/results/b_path/20260706T223941_086117Z_E9_auto_waypoint_reach/sitl_defaults.parm
Loaded defaults from @ROMFS/default_params/copter.parm,/home/user/ai-folder/contest-DAH/DAH2026_GhostPilot/DAH2026_GhostPilot/results/b_path/20260706T223941_086117Z_E9_auto_waypoint_reach/sitl_defaults.parm
Loaded defaults from @ROMFS/default_params/copter.parm,/home/user/ai-folder/contest-DAH/DAH2026_GhostPilot/DAH2026_GhostPilot/results/b_path/20260706T223941_086117Z_E9_auto_waypoint_reach/sitl_defaults.parm
Loaded defaults from @ROMFS/default_params/copter.parm,/home/user/ai-folder/contest-DAH/DAH2026_GhostPilot/DAH2026_GhostPilot/results/b_path/20260706T223941_086117Z_E9_auto_waypoint_reach/sitl_defaults.parm
Loaded defaults from @ROMFS/default_params/copter.parm,/home/user/ai-folder/contest-DAH/DAH2026_GhostPilot/DAH2026_GhostPilot/results/b_path/20260706T223941_086117Z_E9_auto_waypoint_reach/sitl_defaults.parm
Loaded defaults from @ROMFS/default_params/copter.parm,/home/user/ai-folder/contest-DAH/DAH2026_GhostPilot/DAH2026_GhostPilot/results/b_path/20260706T223941_086117Z_E9_auto_waypoint_reach/sitl_defaults.parm
Loaded defaults from @ROMFS/default_params/copter.parm,/home/user/ai-folder/contest-DAH/DAH2026_GhostPilot/DAH2026_GhostPilot/results/b_path/20260706T223941_086117Z_E9_auto_waypoint_reach/sitl_defaults.parm
Loaded defaults from @ROMFS/default_params/copter.parm,/home/user/ai-folder/contest-DAH/DAH2026_GhostPilot/DAH2026_GhostPilot/results/b_path/20260706T223941_086117Z_E9_auto_waypoint_reach/sitl_defaults.parm
Closed connection on SERIAL0
Exitting

===== SITL start 2026-07-06T22:41:13.501977+00:00 =====
/home/user/ai-folder/ardupilot/build/sitl/bin/arducopter --model quad --home=37.5665,126.9780,20,0 --defaults /home/user/ai-folder/contest-DAH/DAH2026_GhostPilot/DAH2026_GhostPilot/results/b_path/20260706T223941_086117Z_E9_auto_waypoint_reach/sitl_defaults.parm
Suggested EK3_DRAG_BCOEF_* = 17.209, EK3_DRAG_MCOEF = 0.209
Home: 37.566500 126.978000 alt=20.000000m hdg=0.000000
Starting sketch 'ArduCopter'
Starting SITL input
Using Irlock at port : 9005
Using \clock topic for DDS timing: disabled
bind port 5760 for SERIAL0
SERIAL0 on TCP port 5760
Waiting for connection ....
Connection on serial port 5760
Loaded defaults from @ROMFS/default_params/copter.parm,/home/user/ai-folder/contest-DAH/DAH2026_GhostPilot/DAH2026_GhostPilot/results/b_path/20260706T223941_086117Z_E9_auto_waypoint_reach/sitl_defaults.parm
bind port 5762 for SERIAL1
SERIAL1 on TCP port 5762
bind port 5763 for SERIAL2
SERIAL2 on TCP port 5763
Loaded defaults from @ROMFS/default_params/copter.parm,/home/user/ai-folder/contest-DAH/DAH2026_GhostPilot/DAH2026_GhostPilot/results/b_path/20260706T223941_086117Z_E9_auto_waypoint_reach/sitl_defaults.parm
Smoothing reset at 0.001
Closed connection on SERIAL0
New connection on SERIAL0
validate_structures:538: Validating structures
Waiting for internal clock bits to be set (current=0x00)
Loaded defaults from @ROMFS/default_params/copter.parm,/home/user/ai-folder/contest-DAH/DAH2026_GhostPilot/DAH2026_GhostPilot/results/b_path/20260706T223941_086117Z_E9_auto_waypoint_reach/sitl_defaults.parm
Loaded defaults from @ROMFS/default_params/copter.parm,/home/user/ai-folder/contest-DAH/DAH2026_GhostPilot/DAH2026_GhostPilot/results/b_path/20260706T223941_086117Z_E9_auto_waypoint_reach/sitl_defaults.parm
Loaded defaults from @ROMFS/default_params/copter.parm,/home/user/ai-folder/contest-DAH/DAH2026_GhostPilot/DAH2026_GhostPilot/results/b_path/20260706T223941_086117Z_E9_auto_waypoint_reach/sitl_defaults.parm
Loaded defaults from @ROMFS/default_params/copter.parm,/home/user/ai-folder/contest-DAH/DAH2026_GhostPilot/DAH2026_GhostPilot/results/b_path/20260706T223941_086117Z_E9_auto_waypoint_reach/sitl_defaults.parm
Loaded defaults from @ROMFS/default_params/copter.parm,/home/user/ai-folder/contest-DAH/DAH2026_GhostPilot/DAH2026_GhostPilot/results/b_path/20260706T223941_086117Z_E9_auto_waypoint_reach/sitl_defaults.parm
Loaded defaults from @ROMFS/default_params/copter.parm,/home/user/ai-folder/contest-DAH/DAH2026_GhostPilot/DAH2026_GhostPilot/results/b_path/20260706T223941_086117Z_E9_auto_waypoint_reach/sitl_defaults.parm
Loaded defaults from @ROMFS/default_params/copter.parm,/home/user/ai-folder/contest-DAH/DAH2026_GhostPilot/DAH2026_GhostPilot/results/b_path/20260706T223941_086117Z_E9_auto_waypoint_reach/sitl_defaults.parm
Loaded defaults from @ROMFS/default_params/copter.parm,/home/user/ai-folder/contest-DAH/DAH2026_GhostPilot/DAH2026_GhostPilot/results/b_path/20260706T223941_086117Z_E9_auto_waypoint_reach/sitl_defaults.parm
Loaded defaults from @ROMFS/default_params/copter.parm,/home/user/ai-folder/contest-DAH/DAH2026_GhostPilot/DAH2026_GhostPilot/results/b_path/20260706T223941_086117Z_E9_auto_waypoint_reach/sitl_defaults.parm
Loaded defaults from @ROMFS/default_params/copter.parm,/home/user/ai-folder/contest-DAH/DAH2026_GhostPilot/DAH2026_GhostPilot/results/b_path/20260706T223941_086117Z_E9_auto_waypoint_reach/sitl_defaults.parm
Loaded defaults from @ROMFS/default_params/copter.parm,/home/user/ai-folder/contest-DAH/DAH2026_GhostPilot/DAH2026_GhostPilot/results/b_path/20260706T223941_086117Z_E9_auto_waypoint_reach/sitl_defaults.parm
Loaded defaults from @ROMFS/default_params/copter.parm,/home/user/ai-folder/contest-DAH/DAH2026_GhostPilot/DAH2026_GhostPilot/results/b_path/20260706T223941_086117Z_E9_auto_waypoint_reach/sitl_defaults.parm
Loaded defaults from @ROMFS/default_params/copter.parm,/home/user/ai-folder/contest-DAH/DAH2026_GhostPilot/DAH2026_GhostPilot/results/b_path/20260706T223941_086117Z_E9_auto_waypoint_reach/sitl_defaults.parm
Loaded defaults from @ROMFS/default_params/copter.parm,/home/user/ai-folder/contest-DAH/DAH2026_GhostPilot/DAH2026_GhostPilot/results/b_path/20260706T223941_086117Z_E9_auto_waypoint_reach/sitl_defaults.parm
Loaded defaults from @ROMFS/default_params/copter.parm,/home/user/ai-folder/contest-DAH/DAH2026_GhostPilot/DAH2026_GhostPilot/results/b_path/20260706T223941_086117Z_E9_auto_waypoint_reach/sitl_defaults.parm
Loaded defaults from @ROMFS/default_params/copter.parm,/home/user/ai-folder/contest-DAH/DAH2026_GhostPilot/DAH2026_GhostPilot/results/b_path/20260706T223941_086117Z_E9_auto_waypoint_reach/sitl_defaults.parm
Loaded defaults from @ROMFS/default_params/copter.parm,/home/user/ai-folder/contest-DAH/DAH2026_GhostPilot/DAH2026_GhostPilot/results/b_path/20260706T223941_086117Z_E9_auto_waypoint_reach/sitl_defaults.parm
Loaded defaults from @ROMFS/default_params/copter.parm,/home/user/ai-folder/contest-DAH/DAH2026_GhostPilot/DAH2026_GhostPilot/results/b_path/20260706T223941_086117Z_E9_auto_waypoint_reach/sitl_defaults.parm
Loaded defaults from @ROMFS/default_params/copter.parm,/home/user/ai-folder/contest-DAH/DAH2026_GhostPilot/DAH2026_GhostPilot/results/b_path/20260706T223941_086117Z_E9_auto_waypoint_reach/sitl_defaults.parm
Loaded defaults from @ROMFS/default_params/copter.parm,/home/user/ai-folder/contest-DAH/DAH2026_GhostPilot/DAH2026_GhostPilot/results/b_path/20260706T223941_086117Z_E9_auto_waypoint_reach/sitl_defaults.parm
Loaded defaults from @ROMFS/default_params/copter.parm,/home/user/ai-folder/contest-DAH/DAH2026_GhostPilot/DAH2026_GhostPilot/results/b_path/20260706T223941_086117Z_E9_auto_waypoint_reach/sitl_defaults.parm
Loaded defaults from @ROMFS/default_params/copter.parm,/home/user/ai-folder/contest-DAH/DAH2026_GhostPilot/DAH2026_GhostPilot/results/b_path/20260706T223941_086117Z_E9_auto_waypoint_reach/sitl_defaults.parm
Closed connection on SERIAL0
Exitting

===== SITL start 2026-07-06T22:41:58.735142+00:00 =====
/home/user/ai-folder/ardupilot/build/sitl/bin/arducopter --model quad --home=37.5665,126.9780,20,0 --defaults /home/user/ai-folder/contest-DAH/DAH2026_GhostPilot/DAH2026_GhostPilot/results/b_path/20260706T223941_086117Z_E9_auto_waypoint_reach/sitl_defaults.parm
Suggested EK3_DRAG_BCOEF_* = 17.209, EK3_DRAG_MCOEF = 0.209
Home: 37.566500 126.978000 alt=20.000000m hdg=0.000000
Starting sketch 'ArduCopter'
Starting SITL input
Using Irlock at port : 9005
Using \clock topic for DDS timing: disabled
bind port 5760 for SERIAL0
SERIAL0 on TCP port 5760
Waiting for connection ....
Connection on serial port 5760
Loaded defaults from @ROMFS/default_params/copter.parm,/home/user/ai-folder/contest-DAH/DAH2026_GhostPilot/DAH2026_GhostPilot/results/b_path/20260706T223941_086117Z_E9_auto_waypoint_reach/sitl_defaults.parm
bind port 5762 for SERIAL1
SERIAL1 on TCP port 5762
bind port 5763 for SERIAL2
SERIAL2 on TCP port 5763
Loaded defaults from @ROMFS/default_params/copter.parm,/home/user/ai-folder/contest-DAH/DAH2026_GhostPilot/DAH2026_GhostPilot/results/b_path/20260706T223941_086117Z_E9_auto_waypoint_reach/sitl_defaults.parm
Smoothing reset at 0.001
Closed connection on SERIAL0
New connection on SERIAL0
validate_structures:538: Validating structures
Waiting for internal clock bits to be set (current=0x00)
Loaded defaults from @ROMFS/default_params/copter.parm,/home/user/ai-folder/contest-DAH/DAH2026_GhostPilot/DAH2026_GhostPilot/results/b_path/20260706T223941_086117Z_E9_auto_waypoint_reach/sitl_defaults.parm
Loaded defaults from @ROMFS/default_params/copter.parm,/home/user/ai-folder/contest-DAH/DAH2026_GhostPilot/DAH2026_GhostPilot/results/b_path/20260706T223941_086117Z_E9_auto_waypoint_reach/sitl_defaults.parm
Loaded defaults from @ROMFS/default_params/copter.parm,/home/user/ai-folder/contest-DAH/DAH2026_GhostPilot/DAH2026_GhostPilot/results/b_path/20260706T223941_086117Z_E9_auto_waypoint_reach/sitl_defaults.parm
Loaded defaults from @ROMFS/default_params/copter.parm,/home/user/ai-folder/contest-DAH/DAH2026_GhostPilot/DAH2026_GhostPilot/results/b_path/20260706T223941_086117Z_E9_auto_waypoint_reach/sitl_defaults.parm
Loaded defaults from @ROMFS/default_params/copter.parm,/home/user/ai-folder/contest-DAH/DAH2026_GhostPilot/DAH2026_GhostPilot/results/b_path/20260706T223941_086117Z_E9_auto_waypoint_reach/sitl_defaults.parm
Loaded defaults from @ROMFS/default_params/copter.parm,/home/user/ai-folder/contest-DAH/DAH2026_GhostPilot/DAH2026_GhostPilot/results/b_path/20260706T223941_086117Z_E9_auto_waypoint_reach/sitl_defaults.parm
Loaded defaults from @ROMFS/default_params/copter.parm,/home/user/ai-folder/contest-DAH/DAH2026_GhostPilot/DAH2026_GhostPilot/results/b_path/20260706T223941_086117Z_E9_auto_waypoint_reach/sitl_defaults.parm
Loaded defaults from @ROMFS/default_params/copter.parm,/home/user/ai-folder/contest-DAH/DAH2026_GhostPilot/DAH2026_GhostPilot/results/b_path/20260706T223941_086117Z_E9_auto_waypoint_reach/sitl_defaults.parm
Loaded defaults from @ROMFS/default_params/copter.parm,/home/user/ai-folder/contest-DAH/DAH2026_GhostPilot/DAH2026_GhostPilot/results/b_path/20260706T223941_086117Z_E9_auto_waypoint_reach/sitl_defaults.parm
Loaded defaults from @ROMFS/default_params/copter.parm,/home/user/ai-folder/contest-DAH/DAH2026_GhostPilot/DAH2026_GhostPilot/results/b_path/20260706T223941_086117Z_E9_auto_waypoint_reach/sitl_defaults.parm
Loaded defaults from @ROMFS/default_params/copter.parm,/home/user/ai-folder/contest-DAH/DAH2026_GhostPilot/DAH2026_GhostPilot/results/b_path/20260706T223941_086117Z_E9_auto_waypoint_reach/sitl_defaults.parm
Loaded defaults from @ROMFS/default_params/copter.parm,/home/user/ai-folder/contest-DAH/DAH2026_GhostPilot/DAH2026_GhostPilot/results/b_path/20260706T223941_086117Z_E9_auto_waypoint_reach/sitl_defaults.parm
Loaded defaults from @ROMFS/default_params/copter.parm,/home/user/ai-folder/contest-DAH/DAH2026_GhostPilot/DAH2026_GhostPilot/results/b_path/20260706T223941_086117Z_E9_auto_waypoint_reach/sitl_defaults.parm
Loaded defaults from @ROMFS/default_params/copter.parm,/home/user/ai-folder/contest-DAH/DAH2026_GhostPilot/DAH2026_GhostPilot/results/b_path/20260706T223941_086117Z_E9_auto_waypoint_reach/sitl_defaults.parm
Loaded defaults from @ROMFS/default_params/copter.parm,/home/user/ai-folder/contest-DAH/DAH2026_GhostPilot/DAH2026_GhostPilot/results/b_path/20260706T223941_086117Z_E9_auto_waypoint_reach/sitl_defaults.parm
Loaded defaults from @ROMFS/default_params/copter.parm,/home/user/ai-folder/contest-DAH/DAH2026_GhostPilot/DAH2026_GhostPilot/results/b_path/20260706T223941_086117Z_E9_auto_waypoint_reach/sitl_defaults.parm
Loaded defaults from @ROMFS/default_params/copter.parm,/home/user/ai-folder/contest-DAH/DAH2026_GhostPilot/DAH2026_GhostPilot/results/b_path/20260706T223941_086117Z_E9_auto_waypoint_reach/sitl_defaults.parm
Loaded defaults from @ROMFS/default_params/copter.parm,/home/user/ai-folder/contest-DAH/DAH2026_GhostPilot/DAH2026_GhostPilot/results/b_path/20260706T223941_086117Z_E9_auto_waypoint_reach/sitl_defaults.parm
Loaded defaults from @ROMFS/default_params/copter.parm,/home/user/ai-folder/contest-DAH/DAH2026_GhostPilot/DAH2026_GhostPilot/results/b_path/20260706T223941_086117Z_E9_auto_waypoint_reach/sitl_defaults.parm
Loaded defaults from @ROMFS/default_params/copter.parm,/home/user/ai-folder/contest-DAH/DAH2026_GhostPilot/DAH2026_GhostPilot/results/b_path/20260706T223941_086117Z_E9_auto_waypoint_reach/sitl_defaults.parm
Loaded defaults from @ROMFS/default_params/copter.parm,/home/user/ai-folder/contest-DAH/DAH2026_GhostPilot/DAH2026_GhostPilot/results/b_path/20260706T223941_086117Z_E9_auto_waypoint_reach/sitl_defaults.parm
Loaded defaults from @ROMFS/default_params/copter.parm,/home/user/ai-folder/contest-DAH/DAH2026_GhostPilot/DAH2026_GhostPilot/results/b_path/20260706T223941_086117Z_E9_auto_waypoint_reach/sitl_defaults.parm
Closed connection on SERIAL0
Exitting
