
===== SITL start 2026-07-07T01:04:45.574061+00:00 =====
/home/user/ai-folder/ardupilot/build/sitl/bin/arducopter --model quad --home=37.5665,126.9780,20,0 --defaults /home/user/ai-folder/contest-DAH/DAH2026_GhostPilot/DAH2026_GhostPilot/results/b_path/20260707T010445_557499Z_E11_mission_decision_matrix/sitl_defaults.parm
Suggested EK3_DRAG_BCOEF_* = 17.209, EK3_DRAG_MCOEF = 0.209
Home: 37.566500 126.978000 alt=20.000000m hdg=0.000000
Starting sketch 'ArduCopter'
Starting SITL input
Using Irlock at port : 9005
Using \clock topic for DDS timing: disabled
bind port 5760 for SERIAL0
SERIAL0 on TCP port 5760
Waiting for connection ....
Connection on serial port 5760
Loaded defaults from @ROMFS/default_params/copter.parm,/home/user/ai-folder/contest-DAH/DAH2026_GhostPilot/DAH2026_GhostPilot/results/b_path/20260707T010445_557499Z_E11_mission_decision_matrix/sitl_defaults.parm
bind port 5762 for SERIAL1
SERIAL1 on TCP port 5762
bind port 5763 for SERIAL2
SERIAL2 on TCP port 5763
Loaded defaults from @ROMFS/default_params/copter.parm,/home/user/ai-folder/contest-DAH/DAH2026_GhostPilot/DAH2026_GhostPilot/results/b_path/20260707T010445_557499Z_E11_mission_decision_matrix/sitl_defaults.parm
Smoothing reset at 0.001
Closed connection on SERIAL0
New connection on SERIAL0
validate_structures:538: Validating structures
Waiting for internal clock bits to be set (current=0x00)
Loaded defaults from @ROMFS/default_params/copter.parm,/home/user/ai-folder/contest-DAH/DAH2026_GhostPilot/DAH2026_GhostPilot/results/b_path/20260707T010445_557499Z_E11_mission_decision_matrix/sitl_defaults.parm
Loaded defaults from @ROMFS/default_params/copter.parm,/home/user/ai-folder/contest-DAH/DAH2026_GhostPilot/DAH2026_GhostPilot/results/b_path/20260707T010445_557499Z_E11_mission_decision_matrix/sitl_defaults.parm
Loaded defaults from @ROMFS/default_params/copter.parm,/home/user/ai-folder/contest-DAH/DAH2026_GhostPilot/DAH2026_GhostPilot/results/b_path/20260707T010445_557499Z_E11_mission_decision_matrix/sitl_defaults.parm
Loaded defaults from @ROMFS/default_params/copter.parm,/home/user/ai-folder/contest-DAH/DAH2026_GhostPilot/DAH2026_GhostPilot/results/b_path/20260707T010445_557499Z_E11_mission_decision_matrix/sitl_defaults.parm
Loaded defaults from @ROMFS/default_params/copter.parm,/home/user/ai-folder/contest-DAH/DAH2026_GhostPilot/DAH2026_GhostPilot/results/b_path/20260707T010445_557499Z_E11_mission_decision_matrix/sitl_defaults.parm
Loaded defaults from @ROMFS/default_params/copter.parm,/home/user/ai-folder/contest-DAH/DAH2026_GhostPilot/DAH2026_GhostPilot/results/b_path/20260707T010445_557499Z_E11_mission_decision_matrix/sitl_defaults.parm
Loaded defaults from @ROMFS/default_params/copter.parm,/home/user/ai-folder/contest-DAH/DAH2026_GhostPilot/DAH2026_GhostPilot/results/b_path/20260707T010445_557499Z_E11_mission_decision_matrix/sitl_defaults.parm
Loaded defaults from @ROMFS/default_params/copter.parm,/home/user/ai-folder/contest-DAH/DAH2026_GhostPilot/DAH2026_GhostPilot/results/b_path/20260707T010445_557499Z_E11_mission_decision_matrix/sitl_defaults.parm
Loaded defaults from @ROMFS/default_params/copter.parm,/home/user/ai-folder/contest-DAH/DAH2026_GhostPilot/DAH2026_GhostPilot/results/b_path/20260707T010445_557499Z_E11_mission_decision_matrix/sitl_defaults.parm
Loaded defaults from @ROMFS/default_params/copter.parm,/home/user/ai-folder/contest-DAH/DAH2026_GhostPilot/DAH2026_GhostPilot/results/b_path/20260707T010445_557499Z_E11_mission_decision_matrix/sitl_defaults.parm
Loaded defaults from @ROMFS/default_params/copter.parm,/home/user/ai-folder/contest-DAH/DAH2026_GhostPilot/DAH2026_GhostPilot/results/b_path/20260707T010445_557499Z_E11_mission_decision_matrix/sitl_defaults.parm
Loaded defaults from @ROMFS/default_params/copter.parm,/home/user/ai-folder/contest-DAH/DAH2026_GhostPilot/DAH2026_GhostPilot/results/b_path/20260707T010445_557499Z_E11_mission_decision_matrix/sitl_defaults.parm
Loaded defaults from @ROMFS/default_params/copter.parm,/home/user/ai-folder/contest-DAH/DAH2026_GhostPilot/DAH2026_GhostPilot/results/b_path/20260707T010445_557499Z_E11_mission_decision_matrix/sitl_defaults.parm
Loaded defaults from @ROMFS/default_params/copter.parm,/home/user/ai-folder/contest-DAH/DAH2026_GhostPilot/DAH2026_GhostPilot/results/b_path/20260707T010445_557499Z_E11_mission_decision_matrix/sitl_defaults.parm
Loaded defaults from @ROMFS/default_params/copter.parm,/home/user/ai-folder/contest-DAH/DAH2026_GhostPilot/DAH2026_GhostPilot/results/b_path/20260707T010445_557499Z_E11_mission_decision_matrix/sitl_defaults.parm
Loaded defaults from @ROMFS/default_params/copter.parm,/home/user/ai-folder/contest-DAH/DAH2026_GhostPilot/DAH2026_GhostPilot/results/b_path/20260707T010445_557499Z_E11_mission_decision_matrix/sitl_defaults.parm
Loaded defaults from @ROMFS/default_params/copter.parm,/home/user/ai-folder/contest-DAH/DAH2026_GhostPilot/DAH2026_GhostPilot/results/b_path/20260707T010445_557499Z_E11_mission_decision_matrix/sitl_defaults.parm
Loaded defaults from @ROMFS/default_params/copter.parm,/home/user/ai-folder/contest-DAH/DAH2026_GhostPilot/DAH2026_GhostPilot/results/b_path/20260707T010445_557499Z_E11_mission_decision_matrix/sitl_defaults.parm
Loaded defaults from @ROMFS/default_params/copter.parm,/home/user/ai-folder/contest-DAH/DAH2026_GhostPilot/DAH2026_GhostPilot/results/b_path/20260707T010445_557499Z_E11_mission_decision_matrix/sitl_defaults.parm
Loaded defaults from @ROMFS/default_params/copter.parm,/home/user/ai-folder/contest-DAH/DAH2026_GhostPilot/DAH2026_GhostPilot/results/b_path/20260707T010445_557499Z_E11_mission_decision_matrix/sitl_defaults.parm
Loaded defaults from @ROMFS/default_params/copter.parm,/home/user/ai-folder/contest-DAH/DAH2026_GhostPilot/DAH2026_GhostPilot/results/b_path/20260707T010445_557499Z_E11_mission_decision_matrix/sitl_defaults.parm
Loaded defaults from @ROMFS/default_params/copter.parm,/home/user/ai-folder/contest-DAH/DAH2026_GhostPilot/DAH2026_GhostPilot/results/b_path/20260707T010445_557499Z_E11_mission_decision_matrix/sitl_defaults.parm
Closed connection on SERIAL0
Exitting

===== SITL start 2026-07-07T01:05:22.867066+00:00 =====
/home/user/ai-folder/ardupilot/build/sitl/bin/arducopter --model quad --home=37.5665,126.9780,20,0 --defaults /home/user/ai-folder/contest-DAH/DAH2026_GhostPilot/DAH2026_GhostPilot/results/b_path/20260707T010445_557499Z_E11_mission_decision_matrix/sitl_defaults.parm
Suggested EK3_DRAG_BCOEF_* = 17.209, EK3_DRAG_MCOEF = 0.209
Home: 37.566500 126.978000 alt=20.000000m hdg=0.000000
Starting sketch 'ArduCopter'
Starting SITL input
Using Irlock at port : 9005
Using \clock topic for DDS timing: disabled
bind port 5760 for SERIAL0
SERIAL0 on TCP port 5760
Waiting for connection ....
Connection on serial port 5760
Loaded defaults from @ROMFS/default_params/copter.parm,/home/user/ai-folder/contest-DAH/DAH2026_GhostPilot/DAH2026_GhostPilot/results/b_path/20260707T010445_557499Z_E11_mission_decision_matrix/sitl_defaults.parm
bind port 5762 for SERIAL1
SERIAL1 on TCP port 5762
bind port 5763 for SERIAL2
SERIAL2 on TCP port 5763
Loaded defaults from @ROMFS/default_params/copter.parm,/home/user/ai-folder/contest-DAH/DAH2026_GhostPilot/DAH2026_GhostPilot/results/b_path/20260707T010445_557499Z_E11_mission_decision_matrix/sitl_defaults.parm
Smoothing reset at 0.001
Closed connection on SERIAL0
New connection on SERIAL0
validate_structures:538: Validating structures
Waiting for internal clock bits to be set (current=0x00)
Loaded defaults from @ROMFS/default_params/copter.parm,/home/user/ai-folder/contest-DAH/DAH2026_GhostPilot/DAH2026_GhostPilot/results/b_path/20260707T010445_557499Z_E11_mission_decision_matrix/sitl_defaults.parm
Loaded defaults from @ROMFS/default_params/copter.parm,/home/user/ai-folder/contest-DAH/DAH2026_GhostPilot/DAH2026_GhostPilot/results/b_path/20260707T010445_557499Z_E11_mission_decision_matrix/sitl_defaults.parm
Loaded defaults from @ROMFS/default_params/copter.parm,/home/user/ai-folder/contest-DAH/DAH2026_GhostPilot/DAH2026_GhostPilot/results/b_path/20260707T010445_557499Z_E11_mission_decision_matrix/sitl_defaults.parm
Loaded defaults from @ROMFS/default_params/copter.parm,/home/user/ai-folder/contest-DAH/DAH2026_GhostPilot/DAH2026_GhostPilot/results/b_path/20260707T010445_557499Z_E11_mission_decision_matrix/sitl_defaults.parm
Loaded defaults from @ROMFS/default_params/copter.parm,/home/user/ai-folder/contest-DAH/DAH2026_GhostPilot/DAH2026_GhostPilot/results/b_path/20260707T010445_557499Z_E11_mission_decision_matrix/sitl_defaults.parm
Loaded defaults from @ROMFS/default_params/copter.parm,/home/user/ai-folder/contest-DAH/DAH2026_GhostPilot/DAH2026_GhostPilot/results/b_path/20260707T010445_557499Z_E11_mission_decision_matrix/sitl_defaults.parm
Loaded defaults from @ROMFS/default_params/copter.parm,/home/user/ai-folder/contest-DAH/DAH2026_GhostPilot/DAH2026_GhostPilot/results/b_path/20260707T010445_557499Z_E11_mission_decision_matrix/sitl_defaults.parm
Loaded defaults from @ROMFS/default_params/copter.parm,/home/user/ai-folder/contest-DAH/DAH2026_GhostPilot/DAH2026_GhostPilot/results/b_path/20260707T010445_557499Z_E11_mission_decision_matrix/sitl_defaults.parm
Loaded defaults from @ROMFS/default_params/copter.parm,/home/user/ai-folder/contest-DAH/DAH2026_GhostPilot/DAH2026_GhostPilot/results/b_path/20260707T010445_557499Z_E11_mission_decision_matrix/sitl_defaults.parm
Loaded defaults from @ROMFS/default_params/copter.parm,/home/user/ai-folder/contest-DAH/DAH2026_GhostPilot/DAH2026_GhostPilot/results/b_path/20260707T010445_557499Z_E11_mission_decision_matrix/sitl_defaults.parm
Loaded defaults from @ROMFS/default_params/copter.parm,/home/user/ai-folder/contest-DAH/DAH2026_GhostPilot/DAH2026_GhostPilot/results/b_path/20260707T010445_557499Z_E11_mission_decision_matrix/sitl_defaults.parm
Loaded defaults from @ROMFS/default_params/copter.parm,/home/user/ai-folder/contest-DAH/DAH2026_GhostPilot/DAH2026_GhostPilot/results/b_path/20260707T010445_557499Z_E11_mission_decision_matrix/sitl_defaults.parm
Loaded defaults from @ROMFS/default_params/copter.parm,/home/user/ai-folder/contest-DAH/DAH2026_GhostPilot/DAH2026_GhostPilot/results/b_path/20260707T010445_557499Z_E11_mission_decision_matrix/sitl_defaults.parm
Loaded defaults from @ROMFS/default_params/copter.parm,/home/user/ai-folder/contest-DAH/DAH2026_GhostPilot/DAH2026_GhostPilot/results/b_path/20260707T010445_557499Z_E11_mission_decision_matrix/sitl_defaults.parm
Loaded defaults from @ROMFS/default_params/copter.parm,/home/user/ai-folder/contest-DAH/DAH2026_GhostPilot/DAH2026_GhostPilot/results/b_path/20260707T010445_557499Z_E11_mission_decision_matrix/sitl_defaults.parm
Loaded defaults from @ROMFS/default_params/copter.parm,/home/user/ai-folder/contest-DAH/DAH2026_GhostPilot/DAH2026_GhostPilot/results/b_path/20260707T010445_557499Z_E11_mission_decision_matrix/sitl_defaults.parm
Loaded defaults from @ROMFS/default_params/copter.parm,/home/user/ai-folder/contest-DAH/DAH2026_GhostPilot/DAH2026_GhostPilot/results/b_path/20260707T010445_557499Z_E11_mission_decision_matrix/sitl_defaults.parm
Loaded defaults from @ROMFS/default_params/copter.parm,/home/user/ai-folder/contest-DAH/DAH2026_GhostPilot/DAH2026_GhostPilot/results/b_path/20260707T010445_557499Z_E11_mission_decision_matrix/sitl_defaults.parm
Loaded defaults from @ROMFS/default_params/copter.parm,/home/user/ai-folder/contest-DAH/DAH2026_GhostPilot/DAH2026_GhostPilot/results/b_path/20260707T010445_557499Z_E11_mission_decision_matrix/sitl_defaults.parm
Loaded defaults from @ROMFS/default_params/copter.parm,/home/user/ai-folder/contest-DAH/DAH2026_GhostPilot/DAH2026_GhostPilot/results/b_path/20260707T010445_557499Z_E11_mission_decision_matrix/sitl_defaults.parm
Loaded defaults from @ROMFS/default_params/copter.parm,/home/user/ai-folder/contest-DAH/DAH2026_GhostPilot/DAH2026_GhostPilot/results/b_path/20260707T010445_557499Z_E11_mission_decision_matrix/sitl_defaults.parm
Loaded defaults from @ROMFS/default_params/copter.parm,/home/user/ai-folder/contest-DAH/DAH2026_GhostPilot/DAH2026_GhostPilot/results/b_path/20260707T010445_557499Z_E11_mission_decision_matrix/sitl_defaults.parm
Closed connection on SERIAL0
Exitting

===== SITL start 2026-07-07T01:05:56.856381+00:00 =====
/home/user/ai-folder/ardupilot/build/sitl/bin/arducopter --model quad --home=37.5665,126.9780,20,0 --defaults /home/user/ai-folder/contest-DAH/DAH2026_GhostPilot/DAH2026_GhostPilot/results/b_path/20260707T010445_557499Z_E11_mission_decision_matrix/sitl_defaults.parm
Suggested EK3_DRAG_BCOEF_* = 17.209, EK3_DRAG_MCOEF = 0.209
Home: 37.566500 126.978000 alt=20.000000m hdg=0.000000
Starting sketch 'ArduCopter'
Starting SITL input
Using Irlock at port : 9005
Using \clock topic for DDS timing: disabled
bind port 5760 for SERIAL0
SERIAL0 on TCP port 5760
Waiting for connection ....
Connection on serial port 5760
Loaded defaults from @ROMFS/default_params/copter.parm,/home/user/ai-folder/contest-DAH/DAH2026_GhostPilot/DAH2026_GhostPilot/results/b_path/20260707T010445_557499Z_E11_mission_decision_matrix/sitl_defaults.parm
bind port 5762 for SERIAL1
SERIAL1 on TCP port 5762
bind port 5763 for SERIAL2
SERIAL2 on TCP port 5763
Loaded defaults from @ROMFS/default_params/copter.parm,/home/user/ai-folder/contest-DAH/DAH2026_GhostPilot/DAH2026_GhostPilot/results/b_path/20260707T010445_557499Z_E11_mission_decision_matrix/sitl_defaults.parm
Smoothing reset at 0.001
Closed connection on SERIAL0
New connection on SERIAL0
validate_structures:538: Validating structures
Waiting for internal clock bits to be set (current=0x00)
Loaded defaults from @ROMFS/default_params/copter.parm,/home/user/ai-folder/contest-DAH/DAH2026_GhostPilot/DAH2026_GhostPilot/results/b_path/20260707T010445_557499Z_E11_mission_decision_matrix/sitl_defaults.parm
Loaded defaults from @ROMFS/default_params/copter.parm,/home/user/ai-folder/contest-DAH/DAH2026_GhostPilot/DAH2026_GhostPilot/results/b_path/20260707T010445_557499Z_E11_mission_decision_matrix/sitl_defaults.parm
Loaded defaults from @ROMFS/default_params/copter.parm,/home/user/ai-folder/contest-DAH/DAH2026_GhostPilot/DAH2026_GhostPilot/results/b_path/20260707T010445_557499Z_E11_mission_decision_matrix/sitl_defaults.parm
Loaded defaults from @ROMFS/default_params/copter.parm,/home/user/ai-folder/contest-DAH/DAH2026_GhostPilot/DAH2026_GhostPilot/results/b_path/20260707T010445_557499Z_E11_mission_decision_matrix/sitl_defaults.parm
Loaded defaults from @ROMFS/default_params/copter.parm,/home/user/ai-folder/contest-DAH/DAH2026_GhostPilot/DAH2026_GhostPilot/results/b_path/20260707T010445_557499Z_E11_mission_decision_matrix/sitl_defaults.parm
Loaded defaults from @ROMFS/default_params/copter.parm,/home/user/ai-folder/contest-DAH/DAH2026_GhostPilot/DAH2026_GhostPilot/results/b_path/20260707T010445_557499Z_E11_mission_decision_matrix/sitl_defaults.parm
Loaded defaults from @ROMFS/default_params/copter.parm,/home/user/ai-folder/contest-DAH/DAH2026_GhostPilot/DAH2026_GhostPilot/results/b_path/20260707T010445_557499Z_E11_mission_decision_matrix/sitl_defaults.parm
Loaded defaults from @ROMFS/default_params/copter.parm,/home/user/ai-folder/contest-DAH/DAH2026_GhostPilot/DAH2026_GhostPilot/results/b_path/20260707T010445_557499Z_E11_mission_decision_matrix/sitl_defaults.parm
Loaded defaults from @ROMFS/default_params/copter.parm,/home/user/ai-folder/contest-DAH/DAH2026_GhostPilot/DAH2026_GhostPilot/results/b_path/20260707T010445_557499Z_E11_mission_decision_matrix/sitl_defaults.parm
Loaded defaults from @ROMFS/default_params/copter.parm,/home/user/ai-folder/contest-DAH/DAH2026_GhostPilot/DAH2026_GhostPilot/results/b_path/20260707T010445_557499Z_E11_mission_decision_matrix/sitl_defaults.parm
Loaded defaults from @ROMFS/default_params/copter.parm,/home/user/ai-folder/contest-DAH/DAH2026_GhostPilot/DAH2026_GhostPilot/results/b_path/20260707T010445_557499Z_E11_mission_decision_matrix/sitl_defaults.parm
Loaded defaults from @ROMFS/default_params/copter.parm,/home/user/ai-folder/contest-DAH/DAH2026_GhostPilot/DAH2026_GhostPilot/results/b_path/20260707T010445_557499Z_E11_mission_decision_matrix/sitl_defaults.parm
Loaded defaults from @ROMFS/default_params/copter.parm,/home/user/ai-folder/contest-DAH/DAH2026_GhostPilot/DAH2026_GhostPilot/results/b_path/20260707T010445_557499Z_E11_mission_decision_matrix/sitl_defaults.parm
Loaded defaults from @ROMFS/default_params/copter.parm,/home/user/ai-folder/contest-DAH/DAH2026_GhostPilot/DAH2026_GhostPilot/results/b_path/20260707T010445_557499Z_E11_mission_decision_matrix/sitl_defaults.parm
Loaded defaults from @ROMFS/default_params/copter.parm,/home/user/ai-folder/contest-DAH/DAH2026_GhostPilot/DAH2026_GhostPilot/results/b_path/20260707T010445_557499Z_E11_mission_decision_matrix/sitl_defaults.parm
Loaded defaults from @ROMFS/default_params/copter.parm,/home/user/ai-folder/contest-DAH/DAH2026_GhostPilot/DAH2026_GhostPilot/results/b_path/20260707T010445_557499Z_E11_mission_decision_matrix/sitl_defaults.parm
Loaded defaults from @ROMFS/default_params/copter.parm,/home/user/ai-folder/contest-DAH/DAH2026_GhostPilot/DAH2026_GhostPilot/results/b_path/20260707T010445_557499Z_E11_mission_decision_matrix/sitl_defaults.parm
Loaded defaults from @ROMFS/default_params/copter.parm,/home/user/ai-folder/contest-DAH/DAH2026_GhostPilot/DAH2026_GhostPilot/results/b_path/20260707T010445_557499Z_E11_mission_decision_matrix/sitl_defaults.parm
Loaded defaults from @ROMFS/default_params/copter.parm,/home/user/ai-folder/contest-DAH/DAH2026_GhostPilot/DAH2026_GhostPilot/results/b_path/20260707T010445_557499Z_E11_mission_decision_matrix/sitl_defaults.parm
Loaded defaults from @ROMFS/default_params/copter.parm,/home/user/ai-folder/contest-DAH/DAH2026_GhostPilot/DAH2026_GhostPilot/results/b_path/20260707T010445_557499Z_E11_mission_decision_matrix/sitl_defaults.parm
Loaded defaults from @ROMFS/default_params/copter.parm,/home/user/ai-folder/contest-DAH/DAH2026_GhostPilot/DAH2026_GhostPilot/results/b_path/20260707T010445_557499Z_E11_mission_decision_matrix/sitl_defaults.parm
Loaded defaults from @ROMFS/default_params/copter.parm,/home/user/ai-folder/contest-DAH/DAH2026_GhostPilot/DAH2026_GhostPilot/results/b_path/20260707T010445_557499Z_E11_mission_decision_matrix/sitl_defaults.parm
Closed connection on SERIAL0
Exitting

===== SITL start 2026-07-07T01:06:43.940080+00:00 =====
/home/user/ai-folder/ardupilot/build/sitl/bin/arducopter --model quad --home=37.5665,126.9780,20,0 --defaults /home/user/ai-folder/contest-DAH/DAH2026_GhostPilot/DAH2026_GhostPilot/results/b_path/20260707T010445_557499Z_E11_mission_decision_matrix/sitl_defaults.parm
Suggested EK3_DRAG_BCOEF_* = 17.209, EK3_DRAG_MCOEF = 0.209
Home: 37.566500 126.978000 alt=20.000000m hdg=0.000000
Starting sketch 'ArduCopter'
Starting SITL input
Using Irlock at port : 9005
Using \clock topic for DDS timing: disabled
bind port 5760 for SERIAL0
SERIAL0 on TCP port 5760
Waiting for connection ....
Connection on serial port 5760
Loaded defaults from @ROMFS/default_params/copter.parm,/home/user/ai-folder/contest-DAH/DAH2026_GhostPilot/DAH2026_GhostPilot/results/b_path/20260707T010445_557499Z_E11_mission_decision_matrix/sitl_defaults.parm
bind port 5762 for SERIAL1
SERIAL1 on TCP port 5762
bind port 5763 for SERIAL2
SERIAL2 on TCP port 5763
Loaded defaults from @ROMFS/default_params/copter.parm,/home/user/ai-folder/contest-DAH/DAH2026_GhostPilot/DAH2026_GhostPilot/results/b_path/20260707T010445_557499Z_E11_mission_decision_matrix/sitl_defaults.parm
Smoothing reset at 0.001
Closed connection on SERIAL0
New connection on SERIAL0
validate_structures:538: Validating structures
Waiting for internal clock bits to be set (current=0x00)
Loaded defaults from @ROMFS/default_params/copter.parm,/home/user/ai-folder/contest-DAH/DAH2026_GhostPilot/DAH2026_GhostPilot/results/b_path/20260707T010445_557499Z_E11_mission_decision_matrix/sitl_defaults.parm
Loaded defaults from @ROMFS/default_params/copter.parm,/home/user/ai-folder/contest-DAH/DAH2026_GhostPilot/DAH2026_GhostPilot/results/b_path/20260707T010445_557499Z_E11_mission_decision_matrix/sitl_defaults.parm
Loaded defaults from @ROMFS/default_params/copter.parm,/home/user/ai-folder/contest-DAH/DAH2026_GhostPilot/DAH2026_GhostPilot/results/b_path/20260707T010445_557499Z_E11_mission_decision_matrix/sitl_defaults.parm
Loaded defaults from @ROMFS/default_params/copter.parm,/home/user/ai-folder/contest-DAH/DAH2026_GhostPilot/DAH2026_GhostPilot/results/b_path/20260707T010445_557499Z_E11_mission_decision_matrix/sitl_defaults.parm
Loaded defaults from @ROMFS/default_params/copter.parm,/home/user/ai-folder/contest-DAH/DAH2026_GhostPilot/DAH2026_GhostPilot/results/b_path/20260707T010445_557499Z_E11_mission_decision_matrix/sitl_defaults.parm
Loaded defaults from @ROMFS/default_params/copter.parm,/home/user/ai-folder/contest-DAH/DAH2026_GhostPilot/DAH2026_GhostPilot/results/b_path/20260707T010445_557499Z_E11_mission_decision_matrix/sitl_defaults.parm
Loaded defaults from @ROMFS/default_params/copter.parm,/home/user/ai-folder/contest-DAH/DAH2026_GhostPilot/DAH2026_GhostPilot/results/b_path/20260707T010445_557499Z_E11_mission_decision_matrix/sitl_defaults.parm
Loaded defaults from @ROMFS/default_params/copter.parm,/home/user/ai-folder/contest-DAH/DAH2026_GhostPilot/DAH2026_GhostPilot/results/b_path/20260707T010445_557499Z_E11_mission_decision_matrix/sitl_defaults.parm
Loaded defaults from @ROMFS/default_params/copter.parm,/home/user/ai-folder/contest-DAH/DAH2026_GhostPilot/DAH2026_GhostPilot/results/b_path/20260707T010445_557499Z_E11_mission_decision_matrix/sitl_defaults.parm
Loaded defaults from @ROMFS/default_params/copter.parm,/home/user/ai-folder/contest-DAH/DAH2026_GhostPilot/DAH2026_GhostPilot/results/b_path/20260707T010445_557499Z_E11_mission_decision_matrix/sitl_defaults.parm
Loaded defaults from @ROMFS/default_params/copter.parm,/home/user/ai-folder/contest-DAH/DAH2026_GhostPilot/DAH2026_GhostPilot/results/b_path/20260707T010445_557499Z_E11_mission_decision_matrix/sitl_defaults.parm
Loaded defaults from @ROMFS/default_params/copter.parm,/home/user/ai-folder/contest-DAH/DAH2026_GhostPilot/DAH2026_GhostPilot/results/b_path/20260707T010445_557499Z_E11_mission_decision_matrix/sitl_defaults.parm
Loaded defaults from @ROMFS/default_params/copter.parm,/home/user/ai-folder/contest-DAH/DAH2026_GhostPilot/DAH2026_GhostPilot/results/b_path/20260707T010445_557499Z_E11_mission_decision_matrix/sitl_defaults.parm
Loaded defaults from @ROMFS/default_params/copter.parm,/home/user/ai-folder/contest-DAH/DAH2026_GhostPilot/DAH2026_GhostPilot/results/b_path/20260707T010445_557499Z_E11_mission_decision_matrix/sitl_defaults.parm
Loaded defaults from @ROMFS/default_params/copter.parm,/home/user/ai-folder/contest-DAH/DAH2026_GhostPilot/DAH2026_GhostPilot/results/b_path/20260707T010445_557499Z_E11_mission_decision_matrix/sitl_defaults.parm
Loaded defaults from @ROMFS/default_params/copter.parm,/home/user/ai-folder/contest-DAH/DAH2026_GhostPilot/DAH2026_GhostPilot/results/b_path/20260707T010445_557499Z_E11_mission_decision_matrix/sitl_defaults.parm
Loaded defaults from @ROMFS/default_params/copter.parm,/home/user/ai-folder/contest-DAH/DAH2026_GhostPilot/DAH2026_GhostPilot/results/b_path/20260707T010445_557499Z_E11_mission_decision_matrix/sitl_defaults.parm
Loaded defaults from @ROMFS/default_params/copter.parm,/home/user/ai-folder/contest-DAH/DAH2026_GhostPilot/DAH2026_GhostPilot/results/b_path/20260707T010445_557499Z_E11_mission_decision_matrix/sitl_defaults.parm
Loaded defaults from @ROMFS/default_params/copter.parm,/home/user/ai-folder/contest-DAH/DAH2026_GhostPilot/DAH2026_GhostPilot/results/b_path/20260707T010445_557499Z_E11_mission_decision_matrix/sitl_defaults.parm
Loaded defaults from @ROMFS/default_params/copter.parm,/home/user/ai-folder/contest-DAH/DAH2026_GhostPilot/DAH2026_GhostPilot/results/b_path/20260707T010445_557499Z_E11_mission_decision_matrix/sitl_defaults.parm
Loaded defaults from @ROMFS/default_params/copter.parm,/home/user/ai-folder/contest-DAH/DAH2026_GhostPilot/DAH2026_GhostPilot/results/b_path/20260707T010445_557499Z_E11_mission_decision_matrix/sitl_defaults.parm
Loaded defaults from @ROMFS/default_params/copter.parm,/home/user/ai-folder/contest-DAH/DAH2026_GhostPilot/DAH2026_GhostPilot/results/b_path/20260707T010445_557499Z_E11_mission_decision_matrix/sitl_defaults.parm
Closed connection on SERIAL0
Exitting

===== SITL start 2026-07-07T01:07:31.528912+00:00 =====
/home/user/ai-folder/ardupilot/build/sitl/bin/arducopter --model quad --home=37.5665,126.9780,20,0 --defaults /home/user/ai-folder/contest-DAH/DAH2026_GhostPilot/DAH2026_GhostPilot/results/b_path/20260707T010445_557499Z_E11_mission_decision_matrix/sitl_defaults.parm
Suggested EK3_DRAG_BCOEF_* = 17.209, EK3_DRAG_MCOEF = 0.209
Home: 37.566500 126.978000 alt=20.000000m hdg=0.000000
Starting sketch 'ArduCopter'
Starting SITL input
Using Irlock at port : 9005
Using \clock topic for DDS timing: disabled
bind port 5760 for SERIAL0
SERIAL0 on TCP port 5760
Waiting for connection ....
Connection on serial port 5760
Loaded defaults from @ROMFS/default_params/copter.parm,/home/user/ai-folder/contest-DAH/DAH2026_GhostPilot/DAH2026_GhostPilot/results/b_path/20260707T010445_557499Z_E11_mission_decision_matrix/sitl_defaults.parm
bind port 5762 for SERIAL1
SERIAL1 on TCP port 5762
bind port 5763 for SERIAL2
SERIAL2 on TCP port 5763
Loaded defaults from @ROMFS/default_params/copter.parm,/home/user/ai-folder/contest-DAH/DAH2026_GhostPilot/DAH2026_GhostPilot/results/b_path/20260707T010445_557499Z_E11_mission_decision_matrix/sitl_defaults.parm
Smoothing reset at 0.001
Closed connection on SERIAL0
New connection on SERIAL0
validate_structures:538: Validating structures
Waiting for internal clock bits to be set (current=0x00)
Loaded defaults from @ROMFS/default_params/copter.parm,/home/user/ai-folder/contest-DAH/DAH2026_GhostPilot/DAH2026_GhostPilot/results/b_path/20260707T010445_557499Z_E11_mission_decision_matrix/sitl_defaults.parm
Loaded defaults from @ROMFS/default_params/copter.parm,/home/user/ai-folder/contest-DAH/DAH2026_GhostPilot/DAH2026_GhostPilot/results/b_path/20260707T010445_557499Z_E11_mission_decision_matrix/sitl_defaults.parm
Loaded defaults from @ROMFS/default_params/copter.parm,/home/user/ai-folder/contest-DAH/DAH2026_GhostPilot/DAH2026_GhostPilot/results/b_path/20260707T010445_557499Z_E11_mission_decision_matrix/sitl_defaults.parm
Loaded defaults from @ROMFS/default_params/copter.parm,/home/user/ai-folder/contest-DAH/DAH2026_GhostPilot/DAH2026_GhostPilot/results/b_path/20260707T010445_557499Z_E11_mission_decision_matrix/sitl_defaults.parm
Loaded defaults from @ROMFS/default_params/copter.parm,/home/user/ai-folder/contest-DAH/DAH2026_GhostPilot/DAH2026_GhostPilot/results/b_path/20260707T010445_557499Z_E11_mission_decision_matrix/sitl_defaults.parm
Loaded defaults from @ROMFS/default_params/copter.parm,/home/user/ai-folder/contest-DAH/DAH2026_GhostPilot/DAH2026_GhostPilot/results/b_path/20260707T010445_557499Z_E11_mission_decision_matrix/sitl_defaults.parm
Loaded defaults from @ROMFS/default_params/copter.parm,/home/user/ai-folder/contest-DAH/DAH2026_GhostPilot/DAH2026_GhostPilot/results/b_path/20260707T010445_557499Z_E11_mission_decision_matrix/sitl_defaults.parm
Loaded defaults from @ROMFS/default_params/copter.parm,/home/user/ai-folder/contest-DAH/DAH2026_GhostPilot/DAH2026_GhostPilot/results/b_path/20260707T010445_557499Z_E11_mission_decision_matrix/sitl_defaults.parm
Loaded defaults from @ROMFS/default_params/copter.parm,/home/user/ai-folder/contest-DAH/DAH2026_GhostPilot/DAH2026_GhostPilot/results/b_path/20260707T010445_557499Z_E11_mission_decision_matrix/sitl_defaults.parm
Loaded defaults from @ROMFS/default_params/copter.parm,/home/user/ai-folder/contest-DAH/DAH2026_GhostPilot/DAH2026_GhostPilot/results/b_path/20260707T010445_557499Z_E11_mission_decision_matrix/sitl_defaults.parm
Loaded defaults from @ROMFS/default_params/copter.parm,/home/user/ai-folder/contest-DAH/DAH2026_GhostPilot/DAH2026_GhostPilot/results/b_path/20260707T010445_557499Z_E11_mission_decision_matrix/sitl_defaults.parm
Loaded defaults from @ROMFS/default_params/copter.parm,/home/user/ai-folder/contest-DAH/DAH2026_GhostPilot/DAH2026_GhostPilot/results/b_path/20260707T010445_557499Z_E11_mission_decision_matrix/sitl_defaults.parm
Loaded defaults from @ROMFS/default_params/copter.parm,/home/user/ai-folder/contest-DAH/DAH2026_GhostPilot/DAH2026_GhostPilot/results/b_path/20260707T010445_557499Z_E11_mission_decision_matrix/sitl_defaults.parm
Loaded defaults from @ROMFS/default_params/copter.parm,/home/user/ai-folder/contest-DAH/DAH2026_GhostPilot/DAH2026_GhostPilot/results/b_path/20260707T010445_557499Z_E11_mission_decision_matrix/sitl_defaults.parm
Loaded defaults from @ROMFS/default_params/copter.parm,/home/user/ai-folder/contest-DAH/DAH2026_GhostPilot/DAH2026_GhostPilot/results/b_path/20260707T010445_557499Z_E11_mission_decision_matrix/sitl_defaults.parm
Loaded defaults from @ROMFS/default_params/copter.parm,/home/user/ai-folder/contest-DAH/DAH2026_GhostPilot/DAH2026_GhostPilot/results/b_path/20260707T010445_557499Z_E11_mission_decision_matrix/sitl_defaults.parm
Loaded defaults from @ROMFS/default_params/copter.parm,/home/user/ai-folder/contest-DAH/DAH2026_GhostPilot/DAH2026_GhostPilot/results/b_path/20260707T010445_557499Z_E11_mission_decision_matrix/sitl_defaults.parm
Loaded defaults from @ROMFS/default_params/copter.parm,/home/user/ai-folder/contest-DAH/DAH2026_GhostPilot/DAH2026_GhostPilot/results/b_path/20260707T010445_557499Z_E11_mission_decision_matrix/sitl_defaults.parm
Loaded defaults from @ROMFS/default_params/copter.parm,/home/user/ai-folder/contest-DAH/DAH2026_GhostPilot/DAH2026_GhostPilot/results/b_path/20260707T010445_557499Z_E11_mission_decision_matrix/sitl_defaults.parm
Loaded defaults from @ROMFS/default_params/copter.parm,/home/user/ai-folder/contest-DAH/DAH2026_GhostPilot/DAH2026_GhostPilot/results/b_path/20260707T010445_557499Z_E11_mission_decision_matrix/sitl_defaults.parm
Loaded defaults from @ROMFS/default_params/copter.parm,/home/user/ai-folder/contest-DAH/DAH2026_GhostPilot/DAH2026_GhostPilot/results/b_path/20260707T010445_557499Z_E11_mission_decision_matrix/sitl_defaults.parm
Loaded defaults from @ROMFS/default_params/copter.parm,/home/user/ai-folder/contest-DAH/DAH2026_GhostPilot/DAH2026_GhostPilot/results/b_path/20260707T010445_557499Z_E11_mission_decision_matrix/sitl_defaults.parm
Closed connection on SERIAL0
Exitting

===== SITL start 2026-07-07T01:08:21.214935+00:00 =====
/home/user/ai-folder/ardupilot/build/sitl/bin/arducopter --model quad --home=37.5665,126.9780,20,0 --defaults /home/user/ai-folder/contest-DAH/DAH2026_GhostPilot/DAH2026_GhostPilot/results/b_path/20260707T010445_557499Z_E11_mission_decision_matrix/sitl_defaults.parm
Suggested EK3_DRAG_BCOEF_* = 17.209, EK3_DRAG_MCOEF = 0.209
Home: 37.566500 126.978000 alt=20.000000m hdg=0.000000
Starting sketch 'ArduCopter'
Starting SITL input
Using Irlock at port : 9005
Using \clock topic for DDS timing: disabled
bind port 5760 for SERIAL0
SERIAL0 on TCP port 5760
Waiting for connection ....
Connection on serial port 5760
Loaded defaults from @ROMFS/default_params/copter.parm,/home/user/ai-folder/contest-DAH/DAH2026_GhostPilot/DAH2026_GhostPilot/results/b_path/20260707T010445_557499Z_E11_mission_decision_matrix/sitl_defaults.parm
bind port 5762 for SERIAL1
SERIAL1 on TCP port 5762
bind port 5763 for SERIAL2
SERIAL2 on TCP port 5763
Loaded defaults from @ROMFS/default_params/copter.parm,/home/user/ai-folder/contest-DAH/DAH2026_GhostPilot/DAH2026_GhostPilot/results/b_path/20260707T010445_557499Z_E11_mission_decision_matrix/sitl_defaults.parm
Smoothing reset at 0.001
Closed connection on SERIAL0
New connection on SERIAL0
validate_structures:538: Validating structures
Waiting for internal clock bits to be set (current=0x00)
Loaded defaults from @ROMFS/default_params/copter.parm,/home/user/ai-folder/contest-DAH/DAH2026_GhostPilot/DAH2026_GhostPilot/results/b_path/20260707T010445_557499Z_E11_mission_decision_matrix/sitl_defaults.parm
Loaded defaults from @ROMFS/default_params/copter.parm,/home/user/ai-folder/contest-DAH/DAH2026_GhostPilot/DAH2026_GhostPilot/results/b_path/20260707T010445_557499Z_E11_mission_decision_matrix/sitl_defaults.parm
Loaded defaults from @ROMFS/default_params/copter.parm,/home/user/ai-folder/contest-DAH/DAH2026_GhostPilot/DAH2026_GhostPilot/results/b_path/20260707T010445_557499Z_E11_mission_decision_matrix/sitl_defaults.parm
Loaded defaults from @ROMFS/default_params/copter.parm,/home/user/ai-folder/contest-DAH/DAH2026_GhostPilot/DAH2026_GhostPilot/results/b_path/20260707T010445_557499Z_E11_mission_decision_matrix/sitl_defaults.parm
Loaded defaults from @ROMFS/default_params/copter.parm,/home/user/ai-folder/contest-DAH/DAH2026_GhostPilot/DAH2026_GhostPilot/results/b_path/20260707T010445_557499Z_E11_mission_decision_matrix/sitl_defaults.parm
Loaded defaults from @ROMFS/default_params/copter.parm,/home/user/ai-folder/contest-DAH/DAH2026_GhostPilot/DAH2026_GhostPilot/results/b_path/20260707T010445_557499Z_E11_mission_decision_matrix/sitl_defaults.parm
Loaded defaults from @ROMFS/default_params/copter.parm,/home/user/ai-folder/contest-DAH/DAH2026_GhostPilot/DAH2026_GhostPilot/results/b_path/20260707T010445_557499Z_E11_mission_decision_matrix/sitl_defaults.parm
Loaded defaults from @ROMFS/default_params/copter.parm,/home/user/ai-folder/contest-DAH/DAH2026_GhostPilot/DAH2026_GhostPilot/results/b_path/20260707T010445_557499Z_E11_mission_decision_matrix/sitl_defaults.parm
Loaded defaults from @ROMFS/default_params/copter.parm,/home/user/ai-folder/contest-DAH/DAH2026_GhostPilot/DAH2026_GhostPilot/results/b_path/20260707T010445_557499Z_E11_mission_decision_matrix/sitl_defaults.parm
Loaded defaults from @ROMFS/default_params/copter.parm,/home/user/ai-folder/contest-DAH/DAH2026_GhostPilot/DAH2026_GhostPilot/results/b_path/20260707T010445_557499Z_E11_mission_decision_matrix/sitl_defaults.parm
Loaded defaults from @ROMFS/default_params/copter.parm,/home/user/ai-folder/contest-DAH/DAH2026_GhostPilot/DAH2026_GhostPilot/results/b_path/20260707T010445_557499Z_E11_mission_decision_matrix/sitl_defaults.parm
Loaded defaults from @ROMFS/default_params/copter.parm,/home/user/ai-folder/contest-DAH/DAH2026_GhostPilot/DAH2026_GhostPilot/results/b_path/20260707T010445_557499Z_E11_mission_decision_matrix/sitl_defaults.parm
Loaded defaults from @ROMFS/default_params/copter.parm,/home/user/ai-folder/contest-DAH/DAH2026_GhostPilot/DAH2026_GhostPilot/results/b_path/20260707T010445_557499Z_E11_mission_decision_matrix/sitl_defaults.parm
Loaded defaults from @ROMFS/default_params/copter.parm,/home/user/ai-folder/contest-DAH/DAH2026_GhostPilot/DAH2026_GhostPilot/results/b_path/20260707T010445_557499Z_E11_mission_decision_matrix/sitl_defaults.parm
Loaded defaults from @ROMFS/default_params/copter.parm,/home/user/ai-folder/contest-DAH/DAH2026_GhostPilot/DAH2026_GhostPilot/results/b_path/20260707T010445_557499Z_E11_mission_decision_matrix/sitl_defaults.parm
Loaded defaults from @ROMFS/default_params/copter.parm,/home/user/ai-folder/contest-DAH/DAH2026_GhostPilot/DAH2026_GhostPilot/results/b_path/20260707T010445_557499Z_E11_mission_decision_matrix/sitl_defaults.parm
Loaded defaults from @ROMFS/default_params/copter.parm,/home/user/ai-folder/contest-DAH/DAH2026_GhostPilot/DAH2026_GhostPilot/results/b_path/20260707T010445_557499Z_E11_mission_decision_matrix/sitl_defaults.parm
Loaded defaults from @ROMFS/default_params/copter.parm,/home/user/ai-folder/contest-DAH/DAH2026_GhostPilot/DAH2026_GhostPilot/results/b_path/20260707T010445_557499Z_E11_mission_decision_matrix/sitl_defaults.parm
Loaded defaults from @ROMFS/default_params/copter.parm,/home/user/ai-folder/contest-DAH/DAH2026_GhostPilot/DAH2026_GhostPilot/results/b_path/20260707T010445_557499Z_E11_mission_decision_matrix/sitl_defaults.parm
Loaded defaults from @ROMFS/default_params/copter.parm,/home/user/ai-folder/contest-DAH/DAH2026_GhostPilot/DAH2026_GhostPilot/results/b_path/20260707T010445_557499Z_E11_mission_decision_matrix/sitl_defaults.parm
Loaded defaults from @ROMFS/default_params/copter.parm,/home/user/ai-folder/contest-DAH/DAH2026_GhostPilot/DAH2026_GhostPilot/results/b_path/20260707T010445_557499Z_E11_mission_decision_matrix/sitl_defaults.parm
Loaded defaults from @ROMFS/default_params/copter.parm,/home/user/ai-folder/contest-DAH/DAH2026_GhostPilot/DAH2026_GhostPilot/results/b_path/20260707T010445_557499Z_E11_mission_decision_matrix/sitl_defaults.parm
Closed connection on SERIAL0
Exitting

===== SITL start 2026-07-07T01:09:11.197799+00:00 =====
/home/user/ai-folder/ardupilot/build/sitl/bin/arducopter --model quad --home=37.5665,126.9780,20,0 --defaults /home/user/ai-folder/contest-DAH/DAH2026_GhostPilot/DAH2026_GhostPilot/results/b_path/20260707T010445_557499Z_E11_mission_decision_matrix/sitl_defaults.parm
Suggested EK3_DRAG_BCOEF_* = 17.209, EK3_DRAG_MCOEF = 0.209
Home: 37.566500 126.978000 alt=20.000000m hdg=0.000000
Starting sketch 'ArduCopter'
Starting SITL input
Using Irlock at port : 9005
Using \clock topic for DDS timing: disabled
bind port 5760 for SERIAL0
SERIAL0 on TCP port 5760
Waiting for connection ....
Connection on serial port 5760
Loaded defaults from @ROMFS/default_params/copter.parm,/home/user/ai-folder/contest-DAH/DAH2026_GhostPilot/DAH2026_GhostPilot/results/b_path/20260707T010445_557499Z_E11_mission_decision_matrix/sitl_defaults.parm
bind port 5762 for SERIAL1
SERIAL1 on TCP port 5762
bind port 5763 for SERIAL2
SERIAL2 on TCP port 5763
Loaded defaults from @ROMFS/default_params/copter.parm,/home/user/ai-folder/contest-DAH/DAH2026_GhostPilot/DAH2026_GhostPilot/results/b_path/20260707T010445_557499Z_E11_mission_decision_matrix/sitl_defaults.parm
Smoothing reset at 0.001
Closed connection on SERIAL0
New connection on SERIAL0
validate_structures:538: Validating structures
Waiting for internal clock bits to be set (current=0x00)
Loaded defaults from @ROMFS/default_params/copter.parm,/home/user/ai-folder/contest-DAH/DAH2026_GhostPilot/DAH2026_GhostPilot/results/b_path/20260707T010445_557499Z_E11_mission_decision_matrix/sitl_defaults.parm
Loaded defaults from @ROMFS/default_params/copter.parm,/home/user/ai-folder/contest-DAH/DAH2026_GhostPilot/DAH2026_GhostPilot/results/b_path/20260707T010445_557499Z_E11_mission_decision_matrix/sitl_defaults.parm
Loaded defaults from @ROMFS/default_params/copter.parm,/home/user/ai-folder/contest-DAH/DAH2026_GhostPilot/DAH2026_GhostPilot/results/b_path/20260707T010445_557499Z_E11_mission_decision_matrix/sitl_defaults.parm
Loaded defaults from @ROMFS/default_params/copter.parm,/home/user/ai-folder/contest-DAH/DAH2026_GhostPilot/DAH2026_GhostPilot/results/b_path/20260707T010445_557499Z_E11_mission_decision_matrix/sitl_defaults.parm
Loaded defaults from @ROMFS/default_params/copter.parm,/home/user/ai-folder/contest-DAH/DAH2026_GhostPilot/DAH2026_GhostPilot/results/b_path/20260707T010445_557499Z_E11_mission_decision_matrix/sitl_defaults.parm
Loaded defaults from @ROMFS/default_params/copter.parm,/home/user/ai-folder/contest-DAH/DAH2026_GhostPilot/DAH2026_GhostPilot/results/b_path/20260707T010445_557499Z_E11_mission_decision_matrix/sitl_defaults.parm
Loaded defaults from @ROMFS/default_params/copter.parm,/home/user/ai-folder/contest-DAH/DAH2026_GhostPilot/DAH2026_GhostPilot/results/b_path/20260707T010445_557499Z_E11_mission_decision_matrix/sitl_defaults.parm
Loaded defaults from @ROMFS/default_params/copter.parm,/home/user/ai-folder/contest-DAH/DAH2026_GhostPilot/DAH2026_GhostPilot/results/b_path/20260707T010445_557499Z_E11_mission_decision_matrix/sitl_defaults.parm
Loaded defaults from @ROMFS/default_params/copter.parm,/home/user/ai-folder/contest-DAH/DAH2026_GhostPilot/DAH2026_GhostPilot/results/b_path/20260707T010445_557499Z_E11_mission_decision_matrix/sitl_defaults.parm
Loaded defaults from @ROMFS/default_params/copter.parm,/home/user/ai-folder/contest-DAH/DAH2026_GhostPilot/DAH2026_GhostPilot/results/b_path/20260707T010445_557499Z_E11_mission_decision_matrix/sitl_defaults.parm
Loaded defaults from @ROMFS/default_params/copter.parm,/home/user/ai-folder/contest-DAH/DAH2026_GhostPilot/DAH2026_GhostPilot/results/b_path/20260707T010445_557499Z_E11_mission_decision_matrix/sitl_defaults.parm
Loaded defaults from @ROMFS/default_params/copter.parm,/home/user/ai-folder/contest-DAH/DAH2026_GhostPilot/DAH2026_GhostPilot/results/b_path/20260707T010445_557499Z_E11_mission_decision_matrix/sitl_defaults.parm
Loaded defaults from @ROMFS/default_params/copter.parm,/home/user/ai-folder/contest-DAH/DAH2026_GhostPilot/DAH2026_GhostPilot/results/b_path/20260707T010445_557499Z_E11_mission_decision_matrix/sitl_defaults.parm
Loaded defaults from @ROMFS/default_params/copter.parm,/home/user/ai-folder/contest-DAH/DAH2026_GhostPilot/DAH2026_GhostPilot/results/b_path/20260707T010445_557499Z_E11_mission_decision_matrix/sitl_defaults.parm
Loaded defaults from @ROMFS/default_params/copter.parm,/home/user/ai-folder/contest-DAH/DAH2026_GhostPilot/DAH2026_GhostPilot/results/b_path/20260707T010445_557499Z_E11_mission_decision_matrix/sitl_defaults.parm
Loaded defaults from @ROMFS/default_params/copter.parm,/home/user/ai-folder/contest-DAH/DAH2026_GhostPilot/DAH2026_GhostPilot/results/b_path/20260707T010445_557499Z_E11_mission_decision_matrix/sitl_defaults.parm
Loaded defaults from @ROMFS/default_params/copter.parm,/home/user/ai-folder/contest-DAH/DAH2026_GhostPilot/DAH2026_GhostPilot/results/b_path/20260707T010445_557499Z_E11_mission_decision_matrix/sitl_defaults.parm
Loaded defaults from @ROMFS/default_params/copter.parm,/home/user/ai-folder/contest-DAH/DAH2026_GhostPilot/DAH2026_GhostPilot/results/b_path/20260707T010445_557499Z_E11_mission_decision_matrix/sitl_defaults.parm
Loaded defaults from @ROMFS/default_params/copter.parm,/home/user/ai-folder/contest-DAH/DAH2026_GhostPilot/DAH2026_GhostPilot/results/b_path/20260707T010445_557499Z_E11_mission_decision_matrix/sitl_defaults.parm
Loaded defaults from @ROMFS/default_params/copter.parm,/home/user/ai-folder/contest-DAH/DAH2026_GhostPilot/DAH2026_GhostPilot/results/b_path/20260707T010445_557499Z_E11_mission_decision_matrix/sitl_defaults.parm
Loaded defaults from @ROMFS/default_params/copter.parm,/home/user/ai-folder/contest-DAH/DAH2026_GhostPilot/DAH2026_GhostPilot/results/b_path/20260707T010445_557499Z_E11_mission_decision_matrix/sitl_defaults.parm
Loaded defaults from @ROMFS/default_params/copter.parm,/home/user/ai-folder/contest-DAH/DAH2026_GhostPilot/DAH2026_GhostPilot/results/b_path/20260707T010445_557499Z_E11_mission_decision_matrix/sitl_defaults.parm
Closed connection on SERIAL0
Exitting

===== SITL start 2026-07-07T01:10:00.581976+00:00 =====
/home/user/ai-folder/ardupilot/build/sitl/bin/arducopter --model quad --home=37.5665,126.9780,20,0 --defaults /home/user/ai-folder/contest-DAH/DAH2026_GhostPilot/DAH2026_GhostPilot/results/b_path/20260707T010445_557499Z_E11_mission_decision_matrix/sitl_defaults.parm
Suggested EK3_DRAG_BCOEF_* = 17.209, EK3_DRAG_MCOEF = 0.209
Home: 37.566500 126.978000 alt=20.000000m hdg=0.000000
Starting sketch 'ArduCopter'
Starting SITL input
Using Irlock at port : 9005
Using \clock topic for DDS timing: disabled
bind port 5760 for SERIAL0
SERIAL0 on TCP port 5760
Waiting for connection ....
Connection on serial port 5760
Loaded defaults from @ROMFS/default_params/copter.parm,/home/user/ai-folder/contest-DAH/DAH2026_GhostPilot/DAH2026_GhostPilot/results/b_path/20260707T010445_557499Z_E11_mission_decision_matrix/sitl_defaults.parm
bind port 5762 for SERIAL1
SERIAL1 on TCP port 5762
bind port 5763 for SERIAL2
SERIAL2 on TCP port 5763
Loaded defaults from @ROMFS/default_params/copter.parm,/home/user/ai-folder/contest-DAH/DAH2026_GhostPilot/DAH2026_GhostPilot/results/b_path/20260707T010445_557499Z_E11_mission_decision_matrix/sitl_defaults.parm
Smoothing reset at 0.001
Closed connection on SERIAL0
New connection on SERIAL0
validate_structures:538: Validating structures
Waiting for internal clock bits to be set (current=0x00)
Loaded defaults from @ROMFS/default_params/copter.parm,/home/user/ai-folder/contest-DAH/DAH2026_GhostPilot/DAH2026_GhostPilot/results/b_path/20260707T010445_557499Z_E11_mission_decision_matrix/sitl_defaults.parm
Loaded defaults from @ROMFS/default_params/copter.parm,/home/user/ai-folder/contest-DAH/DAH2026_GhostPilot/DAH2026_GhostPilot/results/b_path/20260707T010445_557499Z_E11_mission_decision_matrix/sitl_defaults.parm
Loaded defaults from @ROMFS/default_params/copter.parm,/home/user/ai-folder/contest-DAH/DAH2026_GhostPilot/DAH2026_GhostPilot/results/b_path/20260707T010445_557499Z_E11_mission_decision_matrix/sitl_defaults.parm
Loaded defaults from @ROMFS/default_params/copter.parm,/home/user/ai-folder/contest-DAH/DAH2026_GhostPilot/DAH2026_GhostPilot/results/b_path/20260707T010445_557499Z_E11_mission_decision_matrix/sitl_defaults.parm
Loaded defaults from @ROMFS/default_params/copter.parm,/home/user/ai-folder/contest-DAH/DAH2026_GhostPilot/DAH2026_GhostPilot/results/b_path/20260707T010445_557499Z_E11_mission_decision_matrix/sitl_defaults.parm
Loaded defaults from @ROMFS/default_params/copter.parm,/home/user/ai-folder/contest-DAH/DAH2026_GhostPilot/DAH2026_GhostPilot/results/b_path/20260707T010445_557499Z_E11_mission_decision_matrix/sitl_defaults.parm
Loaded defaults from @ROMFS/default_params/copter.parm,/home/user/ai-folder/contest-DAH/DAH2026_GhostPilot/DAH2026_GhostPilot/results/b_path/20260707T010445_557499Z_E11_mission_decision_matrix/sitl_defaults.parm
Loaded defaults from @ROMFS/default_params/copter.parm,/home/user/ai-folder/contest-DAH/DAH2026_GhostPilot/DAH2026_GhostPilot/results/b_path/20260707T010445_557499Z_E11_mission_decision_matrix/sitl_defaults.parm
Loaded defaults from @ROMFS/default_params/copter.parm,/home/user/ai-folder/contest-DAH/DAH2026_GhostPilot/DAH2026_GhostPilot/results/b_path/20260707T010445_557499Z_E11_mission_decision_matrix/sitl_defaults.parm
Loaded defaults from @ROMFS/default_params/copter.parm,/home/user/ai-folder/contest-DAH/DAH2026_GhostPilot/DAH2026_GhostPilot/results/b_path/20260707T010445_557499Z_E11_mission_decision_matrix/sitl_defaults.parm
Loaded defaults from @ROMFS/default_params/copter.parm,/home/user/ai-folder/contest-DAH/DAH2026_GhostPilot/DAH2026_GhostPilot/results/b_path/20260707T010445_557499Z_E11_mission_decision_matrix/sitl_defaults.parm
Loaded defaults from @ROMFS/default_params/copter.parm,/home/user/ai-folder/contest-DAH/DAH2026_GhostPilot/DAH2026_GhostPilot/results/b_path/20260707T010445_557499Z_E11_mission_decision_matrix/sitl_defaults.parm
Loaded defaults from @ROMFS/default_params/copter.parm,/home/user/ai-folder/contest-DAH/DAH2026_GhostPilot/DAH2026_GhostPilot/results/b_path/20260707T010445_557499Z_E11_mission_decision_matrix/sitl_defaults.parm
Loaded defaults from @ROMFS/default_params/copter.parm,/home/user/ai-folder/contest-DAH/DAH2026_GhostPilot/DAH2026_GhostPilot/results/b_path/20260707T010445_557499Z_E11_mission_decision_matrix/sitl_defaults.parm
Loaded defaults from @ROMFS/default_params/copter.parm,/home/user/ai-folder/contest-DAH/DAH2026_GhostPilot/DAH2026_GhostPilot/results/b_path/20260707T010445_557499Z_E11_mission_decision_matrix/sitl_defaults.parm
Loaded defaults from @ROMFS/default_params/copter.parm,/home/user/ai-folder/contest-DAH/DAH2026_GhostPilot/DAH2026_GhostPilot/results/b_path/20260707T010445_557499Z_E11_mission_decision_matrix/sitl_defaults.parm
Loaded defaults from @ROMFS/default_params/copter.parm,/home/user/ai-folder/contest-DAH/DAH2026_GhostPilot/DAH2026_GhostPilot/results/b_path/20260707T010445_557499Z_E11_mission_decision_matrix/sitl_defaults.parm
Loaded defaults from @ROMFS/default_params/copter.parm,/home/user/ai-folder/contest-DAH/DAH2026_GhostPilot/DAH2026_GhostPilot/results/b_path/20260707T010445_557499Z_E11_mission_decision_matrix/sitl_defaults.parm
Loaded defaults from @ROMFS/default_params/copter.parm,/home/user/ai-folder/contest-DAH/DAH2026_GhostPilot/DAH2026_GhostPilot/results/b_path/20260707T010445_557499Z_E11_mission_decision_matrix/sitl_defaults.parm
Loaded defaults from @ROMFS/default_params/copter.parm,/home/user/ai-folder/contest-DAH/DAH2026_GhostPilot/DAH2026_GhostPilot/results/b_path/20260707T010445_557499Z_E11_mission_decision_matrix/sitl_defaults.parm
Loaded defaults from @ROMFS/default_params/copter.parm,/home/user/ai-folder/contest-DAH/DAH2026_GhostPilot/DAH2026_GhostPilot/results/b_path/20260707T010445_557499Z_E11_mission_decision_matrix/sitl_defaults.parm
Loaded defaults from @ROMFS/default_params/copter.parm,/home/user/ai-folder/contest-DAH/DAH2026_GhostPilot/DAH2026_GhostPilot/results/b_path/20260707T010445_557499Z_E11_mission_decision_matrix/sitl_defaults.parm
Closed connection on SERIAL0
Exitting

===== SITL start 2026-07-07T01:10:50.568761+00:00 =====
/home/user/ai-folder/ardupilot/build/sitl/bin/arducopter --model quad --home=37.5665,126.9780,20,0 --defaults /home/user/ai-folder/contest-DAH/DAH2026_GhostPilot/DAH2026_GhostPilot/results/b_path/20260707T010445_557499Z_E11_mission_decision_matrix/sitl_defaults.parm
Suggested EK3_DRAG_BCOEF_* = 17.209, EK3_DRAG_MCOEF = 0.209
Home: 37.566500 126.978000 alt=20.000000m hdg=0.000000
Starting sketch 'ArduCopter'
Starting SITL input
Using Irlock at port : 9005
Using \clock topic for DDS timing: disabled
bind port 5760 for SERIAL0
SERIAL0 on TCP port 5760
Waiting for connection ....
Connection on serial port 5760
Loaded defaults from @ROMFS/default_params/copter.parm,/home/user/ai-folder/contest-DAH/DAH2026_GhostPilot/DAH2026_GhostPilot/results/b_path/20260707T010445_557499Z_E11_mission_decision_matrix/sitl_defaults.parm
bind port 5762 for SERIAL1
SERIAL1 on TCP port 5762
bind port 5763 for SERIAL2
SERIAL2 on TCP port 5763
Loaded defaults from @ROMFS/default_params/copter.parm,/home/user/ai-folder/contest-DAH/DAH2026_GhostPilot/DAH2026_GhostPilot/results/b_path/20260707T010445_557499Z_E11_mission_decision_matrix/sitl_defaults.parm
Smoothing reset at 0.001
Closed connection on SERIAL0
New connection on SERIAL0
validate_structures:538: Validating structures
Waiting for internal clock bits to be set (current=0x00)
Loaded defaults from @ROMFS/default_params/copter.parm,/home/user/ai-folder/contest-DAH/DAH2026_GhostPilot/DAH2026_GhostPilot/results/b_path/20260707T010445_557499Z_E11_mission_decision_matrix/sitl_defaults.parm
Loaded defaults from @ROMFS/default_params/copter.parm,/home/user/ai-folder/contest-DAH/DAH2026_GhostPilot/DAH2026_GhostPilot/results/b_path/20260707T010445_557499Z_E11_mission_decision_matrix/sitl_defaults.parm
Loaded defaults from @ROMFS/default_params/copter.parm,/home/user/ai-folder/contest-DAH/DAH2026_GhostPilot/DAH2026_GhostPilot/results/b_path/20260707T010445_557499Z_E11_mission_decision_matrix/sitl_defaults.parm
Loaded defaults from @ROMFS/default_params/copter.parm,/home/user/ai-folder/contest-DAH/DAH2026_GhostPilot/DAH2026_GhostPilot/results/b_path/20260707T010445_557499Z_E11_mission_decision_matrix/sitl_defaults.parm
Loaded defaults from @ROMFS/default_params/copter.parm,/home/user/ai-folder/contest-DAH/DAH2026_GhostPilot/DAH2026_GhostPilot/results/b_path/20260707T010445_557499Z_E11_mission_decision_matrix/sitl_defaults.parm
Loaded defaults from @ROMFS/default_params/copter.parm,/home/user/ai-folder/contest-DAH/DAH2026_GhostPilot/DAH2026_GhostPilot/results/b_path/20260707T010445_557499Z_E11_mission_decision_matrix/sitl_defaults.parm
Loaded defaults from @ROMFS/default_params/copter.parm,/home/user/ai-folder/contest-DAH/DAH2026_GhostPilot/DAH2026_GhostPilot/results/b_path/20260707T010445_557499Z_E11_mission_decision_matrix/sitl_defaults.parm
Loaded defaults from @ROMFS/default_params/copter.parm,/home/user/ai-folder/contest-DAH/DAH2026_GhostPilot/DAH2026_GhostPilot/results/b_path/20260707T010445_557499Z_E11_mission_decision_matrix/sitl_defaults.parm
Loaded defaults from @ROMFS/default_params/copter.parm,/home/user/ai-folder/contest-DAH/DAH2026_GhostPilot/DAH2026_GhostPilot/results/b_path/20260707T010445_557499Z_E11_mission_decision_matrix/sitl_defaults.parm
Loaded defaults from @ROMFS/default_params/copter.parm,/home/user/ai-folder/contest-DAH/DAH2026_GhostPilot/DAH2026_GhostPilot/results/b_path/20260707T010445_557499Z_E11_mission_decision_matrix/sitl_defaults.parm
Loaded defaults from @ROMFS/default_params/copter.parm,/home/user/ai-folder/contest-DAH/DAH2026_GhostPilot/DAH2026_GhostPilot/results/b_path/20260707T010445_557499Z_E11_mission_decision_matrix/sitl_defaults.parm
Loaded defaults from @ROMFS/default_params/copter.parm,/home/user/ai-folder/contest-DAH/DAH2026_GhostPilot/DAH2026_GhostPilot/results/b_path/20260707T010445_557499Z_E11_mission_decision_matrix/sitl_defaults.parm
Loaded defaults from @ROMFS/default_params/copter.parm,/home/user/ai-folder/contest-DAH/DAH2026_GhostPilot/DAH2026_GhostPilot/results/b_path/20260707T010445_557499Z_E11_mission_decision_matrix/sitl_defaults.parm
Loaded defaults from @ROMFS/default_params/copter.parm,/home/user/ai-folder/contest-DAH/DAH2026_GhostPilot/DAH2026_GhostPilot/results/b_path/20260707T010445_557499Z_E11_mission_decision_matrix/sitl_defaults.parm
Loaded defaults from @ROMFS/default_params/copter.parm,/home/user/ai-folder/contest-DAH/DAH2026_GhostPilot/DAH2026_GhostPilot/results/b_path/20260707T010445_557499Z_E11_mission_decision_matrix/sitl_defaults.parm
Loaded defaults from @ROMFS/default_params/copter.parm,/home/user/ai-folder/contest-DAH/DAH2026_GhostPilot/DAH2026_GhostPilot/results/b_path/20260707T010445_557499Z_E11_mission_decision_matrix/sitl_defaults.parm
Loaded defaults from @ROMFS/default_params/copter.parm,/home/user/ai-folder/contest-DAH/DAH2026_GhostPilot/DAH2026_GhostPilot/results/b_path/20260707T010445_557499Z_E11_mission_decision_matrix/sitl_defaults.parm
Loaded defaults from @ROMFS/default_params/copter.parm,/home/user/ai-folder/contest-DAH/DAH2026_GhostPilot/DAH2026_GhostPilot/results/b_path/20260707T010445_557499Z_E11_mission_decision_matrix/sitl_defaults.parm
Loaded defaults from @ROMFS/default_params/copter.parm,/home/user/ai-folder/contest-DAH/DAH2026_GhostPilot/DAH2026_GhostPilot/results/b_path/20260707T010445_557499Z_E11_mission_decision_matrix/sitl_defaults.parm
Loaded defaults from @ROMFS/default_params/copter.parm,/home/user/ai-folder/contest-DAH/DAH2026_GhostPilot/DAH2026_GhostPilot/results/b_path/20260707T010445_557499Z_E11_mission_decision_matrix/sitl_defaults.parm
Loaded defaults from @ROMFS/default_params/copter.parm,/home/user/ai-folder/contest-DAH/DAH2026_GhostPilot/DAH2026_GhostPilot/results/b_path/20260707T010445_557499Z_E11_mission_decision_matrix/sitl_defaults.parm
Loaded defaults from @ROMFS/default_params/copter.parm,/home/user/ai-folder/contest-DAH/DAH2026_GhostPilot/DAH2026_GhostPilot/results/b_path/20260707T010445_557499Z_E11_mission_decision_matrix/sitl_defaults.parm
Closed connection on SERIAL0
Exitting

===== SITL start 2026-07-07T01:11:27.949039+00:00 =====
/home/user/ai-folder/ardupilot/build/sitl/bin/arducopter --model quad --home=37.5665,126.9780,20,0 --defaults /home/user/ai-folder/contest-DAH/DAH2026_GhostPilot/DAH2026_GhostPilot/results/b_path/20260707T010445_557499Z_E11_mission_decision_matrix/sitl_defaults.parm
Suggested EK3_DRAG_BCOEF_* = 17.209, EK3_DRAG_MCOEF = 0.209
Home: 37.566500 126.978000 alt=20.000000m hdg=0.000000
Starting sketch 'ArduCopter'
Starting SITL input
Using Irlock at port : 9005
Using \clock topic for DDS timing: disabled
bind port 5760 for SERIAL0
SERIAL0 on TCP port 5760
Waiting for connection ....
Connection on serial port 5760
Loaded defaults from @ROMFS/default_params/copter.parm,/home/user/ai-folder/contest-DAH/DAH2026_GhostPilot/DAH2026_GhostPilot/results/b_path/20260707T010445_557499Z_E11_mission_decision_matrix/sitl_defaults.parm
bind port 5762 for SERIAL1
SERIAL1 on TCP port 5762
bind port 5763 for SERIAL2
SERIAL2 on TCP port 5763
Loaded defaults from @ROMFS/default_params/copter.parm,/home/user/ai-folder/contest-DAH/DAH2026_GhostPilot/DAH2026_GhostPilot/results/b_path/20260707T010445_557499Z_E11_mission_decision_matrix/sitl_defaults.parm
Smoothing reset at 0.001
Closed connection on SERIAL0
New connection on SERIAL0
validate_structures:538: Validating structures
Waiting for internal clock bits to be set (current=0x00)
Loaded defaults from @ROMFS/default_params/copter.parm,/home/user/ai-folder/contest-DAH/DAH2026_GhostPilot/DAH2026_GhostPilot/results/b_path/20260707T010445_557499Z_E11_mission_decision_matrix/sitl_defaults.parm
Loaded defaults from @ROMFS/default_params/copter.parm,/home/user/ai-folder/contest-DAH/DAH2026_GhostPilot/DAH2026_GhostPilot/results/b_path/20260707T010445_557499Z_E11_mission_decision_matrix/sitl_defaults.parm
Loaded defaults from @ROMFS/default_params/copter.parm,/home/user/ai-folder/contest-DAH/DAH2026_GhostPilot/DAH2026_GhostPilot/results/b_path/20260707T010445_557499Z_E11_mission_decision_matrix/sitl_defaults.parm
Loaded defaults from @ROMFS/default_params/copter.parm,/home/user/ai-folder/contest-DAH/DAH2026_GhostPilot/DAH2026_GhostPilot/results/b_path/20260707T010445_557499Z_E11_mission_decision_matrix/sitl_defaults.parm
Loaded defaults from @ROMFS/default_params/copter.parm,/home/user/ai-folder/contest-DAH/DAH2026_GhostPilot/DAH2026_GhostPilot/results/b_path/20260707T010445_557499Z_E11_mission_decision_matrix/sitl_defaults.parm
Loaded defaults from @ROMFS/default_params/copter.parm,/home/user/ai-folder/contest-DAH/DAH2026_GhostPilot/DAH2026_GhostPilot/results/b_path/20260707T010445_557499Z_E11_mission_decision_matrix/sitl_defaults.parm
Loaded defaults from @ROMFS/default_params/copter.parm,/home/user/ai-folder/contest-DAH/DAH2026_GhostPilot/DAH2026_GhostPilot/results/b_path/20260707T010445_557499Z_E11_mission_decision_matrix/sitl_defaults.parm
Loaded defaults from @ROMFS/default_params/copter.parm,/home/user/ai-folder/contest-DAH/DAH2026_GhostPilot/DAH2026_GhostPilot/results/b_path/20260707T010445_557499Z_E11_mission_decision_matrix/sitl_defaults.parm
Loaded defaults from @ROMFS/default_params/copter.parm,/home/user/ai-folder/contest-DAH/DAH2026_GhostPilot/DAH2026_GhostPilot/results/b_path/20260707T010445_557499Z_E11_mission_decision_matrix/sitl_defaults.parm
Loaded defaults from @ROMFS/default_params/copter.parm,/home/user/ai-folder/contest-DAH/DAH2026_GhostPilot/DAH2026_GhostPilot/results/b_path/20260707T010445_557499Z_E11_mission_decision_matrix/sitl_defaults.parm
Loaded defaults from @ROMFS/default_params/copter.parm,/home/user/ai-folder/contest-DAH/DAH2026_GhostPilot/DAH2026_GhostPilot/results/b_path/20260707T010445_557499Z_E11_mission_decision_matrix/sitl_defaults.parm
Loaded defaults from @ROMFS/default_params/copter.parm,/home/user/ai-folder/contest-DAH/DAH2026_GhostPilot/DAH2026_GhostPilot/results/b_path/20260707T010445_557499Z_E11_mission_decision_matrix/sitl_defaults.parm
Loaded defaults from @ROMFS/default_params/copter.parm,/home/user/ai-folder/contest-DAH/DAH2026_GhostPilot/DAH2026_GhostPilot/results/b_path/20260707T010445_557499Z_E11_mission_decision_matrix/sitl_defaults.parm
Loaded defaults from @ROMFS/default_params/copter.parm,/home/user/ai-folder/contest-DAH/DAH2026_GhostPilot/DAH2026_GhostPilot/results/b_path/20260707T010445_557499Z_E11_mission_decision_matrix/sitl_defaults.parm
Loaded defaults from @ROMFS/default_params/copter.parm,/home/user/ai-folder/contest-DAH/DAH2026_GhostPilot/DAH2026_GhostPilot/results/b_path/20260707T010445_557499Z_E11_mission_decision_matrix/sitl_defaults.parm
Loaded defaults from @ROMFS/default_params/copter.parm,/home/user/ai-folder/contest-DAH/DAH2026_GhostPilot/DAH2026_GhostPilot/results/b_path/20260707T010445_557499Z_E11_mission_decision_matrix/sitl_defaults.parm
Loaded defaults from @ROMFS/default_params/copter.parm,/home/user/ai-folder/contest-DAH/DAH2026_GhostPilot/DAH2026_GhostPilot/results/b_path/20260707T010445_557499Z_E11_mission_decision_matrix/sitl_defaults.parm
Loaded defaults from @ROMFS/default_params/copter.parm,/home/user/ai-folder/contest-DAH/DAH2026_GhostPilot/DAH2026_GhostPilot/results/b_path/20260707T010445_557499Z_E11_mission_decision_matrix/sitl_defaults.parm
Loaded defaults from @ROMFS/default_params/copter.parm,/home/user/ai-folder/contest-DAH/DAH2026_GhostPilot/DAH2026_GhostPilot/results/b_path/20260707T010445_557499Z_E11_mission_decision_matrix/sitl_defaults.parm
Loaded defaults from @ROMFS/default_params/copter.parm,/home/user/ai-folder/contest-DAH/DAH2026_GhostPilot/DAH2026_GhostPilot/results/b_path/20260707T010445_557499Z_E11_mission_decision_matrix/sitl_defaults.parm
Loaded defaults from @ROMFS/default_params/copter.parm,/home/user/ai-folder/contest-DAH/DAH2026_GhostPilot/DAH2026_GhostPilot/results/b_path/20260707T010445_557499Z_E11_mission_decision_matrix/sitl_defaults.parm
Loaded defaults from @ROMFS/default_params/copter.parm,/home/user/ai-folder/contest-DAH/DAH2026_GhostPilot/DAH2026_GhostPilot/results/b_path/20260707T010445_557499Z_E11_mission_decision_matrix/sitl_defaults.parm
Closed connection on SERIAL0
Exitting
